[ 2016-08-02T09:43:34+08:00 ] 127.0.0.1 /chuanzhi/Tpblog/blog/index.php/Admin/
ERR: 无法加载控制器:Index

[ 2016-08-02T09:44:24+08:00 ] 127.0.0.1 /chuanzhi/Tpblog/blog/index.php/Admin/static/h-ui/css/H-ui.min.css
ERR: 无法加载控制器:Static

[ 2016-08-02T09:44:24+08:00 ] 127.0.0.1 /chuanzhi/Tpblog/blog/index.php/Admin/static/h-ui/js/H-ui.js
ERR: 无法加载控制器:Static

[ 2016-08-02T09:44:24+08:00 ] 127.0.0.1 /chuanzhi/Tpblog/blog/index.php/Admin/static/h-ui.admin/js/H-ui.admin.js
ERR: 无法加载控制器:Static

[ 2016-08-02T09:44:25+08:00 ] 127.0.0.1 /chuanzhi/Tpblog/blog/index.php/Admin/lib/Hui-iconfont/1.0.7/iconfont.css
ERR: 无法加载控制器:Lib

[ 2016-08-02T09:44:25+08:00 ] 127.0.0.1 /chuanzhi/Tpblog/blog/index.php/Admin/lib/jquery/1.9.1/jquery.min.js
ERR: 无法加载控制器:Lib

[ 2016-08-02T09:44:25+08:00 ] 127.0.0.1 /chuanzhi/Tpblog/blog/index.php/Admin/lib/icheck/icheck.css
ERR: 无法加载控制器:Lib

[ 2016-08-02T09:44:25+08:00 ] 127.0.0.1 /chuanzhi/Tpblog/blog/index.php/Admin/static/h-ui.admin/skin/default/skin.css
ERR: 无法加载控制器:Static

[ 2016-08-02T09:44:25+08:00 ] 127.0.0.1 /chuanzhi/Tpblog/blog/index.php/Admin/static/h-ui.admin/css/style.css
ERR: 无法加载控制器:Static

[ 2016-08-02T09:44:26+08:00 ] 127.0.0.1 /chuanzhi/Tpblog/blog/index.php/Admin/static/h-ui.admin/css/H-ui.admin.css
ERR: 无法加载控制器:Static

[ 2016-08-02T09:44:26+08:00 ] 127.0.0.1 /chuanzhi/Tpblog/blog/index.php/Admin/lib/layer/2.1/layer.js
ERR: 无法加载控制器:Lib

[ 2016-08-02T09:44:26+08:00 ] 127.0.0.1 /chuanzhi/Tpblog/blog/index.php/Admin/welcome.html
ERR: 无法加载控制器:Welcome

[ 2016-08-02T10:02:08+08:00 ] 127.0.0.1 /chuanzhi/Tpblog/blog/index.php/Admin/
INFO: [ app_init ] --START--
INFO: Run Behavior\BuildLiteBehavior [ RunTime:0.000000s ]
INFO: [ app_init ] --END-- [ RunTime:0.001000s ]
INFO: [ app_begin ] --START--
INFO: Run Behavior\ReadHtmlCacheBehavior [ RunTime:0.001000s ]
INFO: [ app_begin ] --END-- [ RunTime:0.001000s ]
INFO: [ view_parse ] --START--
INFO: [ template_filter ] --START--
INFO: Run Behavior\ContentReplaceBehavior [ RunTime:0.000000s ]
INFO: [ template_filter ] --END-- [ RunTime:0.000000s ]
NOTIC: [8] Undefined variable: smarty D:\php\WWW\chuanzhi\tpblog\blog\Runtime\Cache\Admin\7d90cd13de1b59c0e8e746de96bca9eb.php 第 12 行.
NOTIC: [8] Undefined variable: smarty D:\php\WWW\chuanzhi\tpblog\blog\Runtime\Cache\Admin\7d90cd13de1b59c0e8e746de96bca9eb.php 第 13 行.
NOTIC: [8] Undefined variable: smarty D:\php\WWW\chuanzhi\tpblog\blog\Runtime\Cache\Admin\7d90cd13de1b59c0e8e746de96bca9eb.php 第 14 行.
NOTIC: [8] Undefined variable: smarty D:\php\WWW\chuanzhi\tpblog\blog\Runtime\Cache\Admin\7d90cd13de1b59c0e8e746de96bca9eb.php 第 16 行.
NOTIC: [8] Undefined variable: smarty D:\php\WWW\chuanzhi\tpblog\blog\Runtime\Cache\Admin\7d90cd13de1b59c0e8e746de96bca9eb.php 第 17 行.
NOTIC: [8] Undefined variable: smarty D:\php\WWW\chuanzhi\tpblog\blog\Runtime\Cache\Admin\7d90cd13de1b59c0e8e746de96bca9eb.php 第 18 行.
NOTIC: [8] Undefined variable: smarty D:\php\WWW\chuanzhi\tpblog\blog\Runtime\Cache\Admin\7d90cd13de1b59c0e8e746de96bca9eb.php 第 19 行.
NOTIC: [8] Undefined variable: smarty D:\php\WWW\chuanzhi\tpblog\blog\Runtime\Cache\Admin\7d90cd13de1b59c0e8e746de96bca9eb.php 第 20 行.
NOTIC: [8] Undefined variable: smarty D:\php\WWW\chuanzhi\tpblog\blog\Runtime\Cache\Admin\7d90cd13de1b59c0e8e746de96bca9eb.php 第 21 行.
NOTIC: [8] Undefined variable: smarty D:\php\WWW\chuanzhi\tpblog\blog\Runtime\Cache\Admin\7d90cd13de1b59c0e8e746de96bca9eb.php 第 23 行.
NOTIC: [8] Undefined variable: smarty D:\php\WWW\chuanzhi\tpblog\blog\Runtime\Cache\Admin\7d90cd13de1b59c0e8e746de96bca9eb.php 第 179 行.
NOTIC: [8] Undefined variable: smarty D:\php\WWW\chuanzhi\tpblog\blog\Runtime\Cache\Admin\7d90cd13de1b59c0e8e746de96bca9eb.php 第 180 行.
NOTIC: [8] Undefined variable: smarty D:\php\WWW\chuanzhi\tpblog\blog\Runtime\Cache\Admin\7d90cd13de1b59c0e8e746de96bca9eb.php 第 181 行.
NOTIC: [8] Undefined variable: smarty D:\php\WWW\chuanzhi\tpblog\blog\Runtime\Cache\Admin\7d90cd13de1b59c0e8e746de96bca9eb.php 第 182 行.
INFO: Run Behavior\ParseTemplateBehavior [ RunTime:0.055003s ]
INFO: [ view_parse ] --END-- [ RunTime:0.055003s ]
INFO: [ view_filter ] --START--
INFO: Run Behavior\WriteHtmlCacheBehavior [ RunTime:0.001000s ]
INFO: [ view_filter ] --END-- [ RunTime:0.001000s ]
INFO: [ app_end ] --START--
INFO: Run Behavior\ShowPageTraceBehavior [ RunTime:0.001000s ]
INFO: [ app_end ] --END-- [ RunTime:0.001000s ]

[ 2016-08-02T10:02:08+08:00 ] 127.0.0.1 /chuanzhi/Tpblog/blog/index.php/Admin/welcome.html
INFO: [ app_init ] --START--
INFO: Run Behavior\BuildLiteBehavior [ RunTime:0.000000s ]
INFO: [ app_init ] --END-- [ RunTime:0.001000s ]
INFO: [ app_begin ] --START--
INFO: Run Behavior\ReadHtmlCacheBehavior [ RunTime:0.001001s ]
INFO: [ app_begin ] --END-- [ RunTime:0.001001s ]
ERR: 无法加载控制器:Welcome

[ 2016-08-02T10:04:23+08:00 ] 127.0.0.1 /chuanzhi/Tpblog/blog/index.php/Admin/
INFO: [ app_init ] --START--
INFO: Run Behavior\BuildLiteBehavior [ RunTime:0.000000s ]
INFO: [ app_init ] --END-- [ RunTime:0.002001s ]
INFO: [ app_begin ] --START--
INFO: Run Behavior\ReadHtmlCacheBehavior [ RunTime:0.001000s ]
INFO: [ app_begin ] --END-- [ RunTime:0.002000s ]
INFO: [ view_parse ] --START--
INFO: [ template_filter ] --START--
INFO: Run Behavior\ContentReplaceBehavior [ RunTime:0.000000s ]
INFO: [ template_filter ] --END-- [ RunTime:0.000000s ]
NOTIC: [8] Undefined variable: smarty D:\php\WWW\chuanzhi\tpblog\blog\Runtime\Cache\Admin\7d90cd13de1b59c0e8e746de96bca9eb.php 第 12 行.
NOTIC: [8] Undefined variable: smarty D:\php\WWW\chuanzhi\tpblog\blog\Runtime\Cache\Admin\7d90cd13de1b59c0e8e746de96bca9eb.php 第 13 行.
NOTIC: [8] Undefined variable: smarty D:\php\WWW\chuanzhi\tpblog\blog\Runtime\Cache\Admin\7d90cd13de1b59c0e8e746de96bca9eb.php 第 14 行.
NOTIC: [8] Undefined variable: smarty D:\php\WWW\chuanzhi\tpblog\blog\Runtime\Cache\Admin\7d90cd13de1b59c0e8e746de96bca9eb.php 第 16 行.
NOTIC: [8] Undefined variable: smarty D:\php\WWW\chuanzhi\tpblog\blog\Runtime\Cache\Admin\7d90cd13de1b59c0e8e746de96bca9eb.php 第 17 行.
NOTIC: [8] Undefined variable: smarty D:\php\WWW\chuanzhi\tpblog\blog\Runtime\Cache\Admin\7d90cd13de1b59c0e8e746de96bca9eb.php 第 18 行.
NOTIC: [8] Undefined variable: smarty D:\php\WWW\chuanzhi\tpblog\blog\Runtime\Cache\Admin\7d90cd13de1b59c0e8e746de96bca9eb.php 第 19 行.
NOTIC: [8] Undefined variable: smarty D:\php\WWW\chuanzhi\tpblog\blog\Runtime\Cache\Admin\7d90cd13de1b59c0e8e746de96bca9eb.php 第 20 行.
NOTIC: [8] Undefined variable: smarty D:\php\WWW\chuanzhi\tpblog\blog\Runtime\Cache\Admin\7d90cd13de1b59c0e8e746de96bca9eb.php 第 21 行.
NOTIC: [8] Undefined variable: smarty D:\php\WWW\chuanzhi\tpblog\blog\Runtime\Cache\Admin\7d90cd13de1b59c0e8e746de96bca9eb.php 第 23 行.
NOTIC: [8] Undefined variable: smarty D:\php\WWW\chuanzhi\tpblog\blog\Runtime\Cache\Admin\7d90cd13de1b59c0e8e746de96bca9eb.php 第 179 行.
NOTIC: [8] Undefined variable: smarty D:\php\WWW\chuanzhi\tpblog\blog\Runtime\Cache\Admin\7d90cd13de1b59c0e8e746de96bca9eb.php 第 180 行.
NOTIC: [8] Undefined variable: smarty D:\php\WWW\chuanzhi\tpblog\blog\Runtime\Cache\Admin\7d90cd13de1b59c0e8e746de96bca9eb.php 第 181 行.
NOTIC: [8] Undefined variable: smarty D:\php\WWW\chuanzhi\tpblog\blog\Runtime\Cache\Admin\7d90cd13de1b59c0e8e746de96bca9eb.php 第 182 行.
INFO: Run Behavior\ParseTemplateBehavior [ RunTime:0.032002s ]
INFO: [ view_parse ] --END-- [ RunTime:0.032002s ]
INFO: [ view_filter ] --START--
INFO: Run Behavior\WriteHtmlCacheBehavior [ RunTime:0.001000s ]
INFO: [ view_filter ] --END-- [ RunTime:0.001000s ]
INFO: [ app_end ] --START--
INFO: Run Behavior\ShowPageTraceBehavior [ RunTime:0.001000s ]
INFO: [ app_end ] --END-- [ RunTime:0.001000s ]

[ 2016-08-02T10:04:23+08:00 ] 127.0.0.1 /chuanzhi/Tpblog/blog/index.php/Admin/welcome.html
INFO: [ app_init ] --START--
INFO: Run Behavior\BuildLiteBehavior [ RunTime:0.001000s ]
INFO: [ app_init ] --END-- [ RunTime:0.002000s ]
INFO: [ app_begin ] --START--
INFO: Run Behavior\ReadHtmlCacheBehavior [ RunTime:0.001000s ]
INFO: [ app_begin ] --END-- [ RunTime:0.001000s ]
ERR: 无法加载控制器:Welcome

[ 2016-08-02T10:33:46+08:00 ] 127.0.0.1 /blog/index.php/Admin/Index/index
INFO: [ app_init ] --START--
INFO: Run Behavior\BuildLiteBehavior [ RunTime:0.000000s ]
INFO: [ app_init ] --END-- [ RunTime:0.002000s ]
INFO: [ app_begin ] --START--
INFO: Run Behavior\ReadHtmlCacheBehavior [ RunTime:0.003001s ]
INFO: [ app_begin ] --END-- [ RunTime:0.003001s ]
INFO: [ view_parse ] --START--
INFO: [ template_filter ] --START--
INFO: Run Behavior\ContentReplaceBehavior [ RunTime:0.000000s ]
INFO: [ template_filter ] --END-- [ RunTime:0.000000s ]
NOTIC: [8] Undefined variable: smarty D:\php\WWW\chuanzhi\tpblog\blog\Runtime\Cache\Admin\7d90cd13de1b59c0e8e746de96bca9eb.php 第 12 行.
NOTIC: [8] Undefined variable: smarty D:\php\WWW\chuanzhi\tpblog\blog\Runtime\Cache\Admin\7d90cd13de1b59c0e8e746de96bca9eb.php 第 13 行.
NOTIC: [8] Undefined variable: smarty D:\php\WWW\chuanzhi\tpblog\blog\Runtime\Cache\Admin\7d90cd13de1b59c0e8e746de96bca9eb.php 第 14 行.
NOTIC: [8] Undefined variable: smarty D:\php\WWW\chuanzhi\tpblog\blog\Runtime\Cache\Admin\7d90cd13de1b59c0e8e746de96bca9eb.php 第 16 行.
NOTIC: [8] Undefined variable: smarty D:\php\WWW\chuanzhi\tpblog\blog\Runtime\Cache\Admin\7d90cd13de1b59c0e8e746de96bca9eb.php 第 17 行.
NOTIC: [8] Undefined variable: smarty D:\php\WWW\chuanzhi\tpblog\blog\Runtime\Cache\Admin\7d90cd13de1b59c0e8e746de96bca9eb.php 第 18 行.
NOTIC: [8] Undefined variable: smarty D:\php\WWW\chuanzhi\tpblog\blog\Runtime\Cache\Admin\7d90cd13de1b59c0e8e746de96bca9eb.php 第 19 行.
NOTIC: [8] Undefined variable: smarty D:\php\WWW\chuanzhi\tpblog\blog\Runtime\Cache\Admin\7d90cd13de1b59c0e8e746de96bca9eb.php 第 20 行.
NOTIC: [8] Undefined variable: smarty D:\php\WWW\chuanzhi\tpblog\blog\Runtime\Cache\Admin\7d90cd13de1b59c0e8e746de96bca9eb.php 第 21 行.
NOTIC: [8] Undefined variable: smarty D:\php\WWW\chuanzhi\tpblog\blog\Runtime\Cache\Admin\7d90cd13de1b59c0e8e746de96bca9eb.php 第 23 行.
NOTIC: [8] Undefined variable: smarty D:\php\WWW\chuanzhi\tpblog\blog\Runtime\Cache\Admin\7d90cd13de1b59c0e8e746de96bca9eb.php 第 179 行.
NOTIC: [8] Undefined variable: smarty D:\php\WWW\chuanzhi\tpblog\blog\Runtime\Cache\Admin\7d90cd13de1b59c0e8e746de96bca9eb.php 第 180 行.
NOTIC: [8] Undefined variable: smarty D:\php\WWW\chuanzhi\tpblog\blog\Runtime\Cache\Admin\7d90cd13de1b59c0e8e746de96bca9eb.php 第 181 行.
NOTIC: [8] Undefined variable: smarty D:\php\WWW\chuanzhi\tpblog\blog\Runtime\Cache\Admin\7d90cd13de1b59c0e8e746de96bca9eb.php 第 182 行.
INFO: Run Behavior\ParseTemplateBehavior [ RunTime:0.033002s ]
INFO: [ view_parse ] --END-- [ RunTime:0.033002s ]
INFO: [ view_filter ] --START--
INFO: Run Behavior\WriteHtmlCacheBehavior [ RunTime:0.000000s ]
INFO: [ view_filter ] --END-- [ RunTime:0.001000s ]
INFO: [ app_end ] --START--
INFO: Run Behavior\ShowPageTraceBehavior [ RunTime:0.001000s ]
INFO: [ app_end ] --END-- [ RunTime:0.001000s ]

[ 2016-08-02T10:33:46+08:00 ] 127.0.0.1 /blog/index.php/Admin/Index/welcome.html
INFO: [ app_init ] --START--
INFO: Run Behavior\BuildLiteBehavior [ RunTime:0.000000s ]
INFO: [ app_init ] --END-- [ RunTime:0.001000s ]
INFO: [ app_begin ] --START--
INFO: Run Behavior\ReadHtmlCacheBehavior [ RunTime:0.001000s ]
INFO: [ app_begin ] --END-- [ RunTime:0.001000s ]
ERR: 非法操作:welcome

[ 2016-08-02T10:39:58+08:00 ] 127.0.0.1 /blog/index.php/Admin/Index/index
INFO: [ app_init ] --START--
INFO: Run Behavior\BuildLiteBehavior [ RunTime:0.000000s ]
INFO: [ app_init ] --END-- [ RunTime:0.001001s ]
INFO: [ app_begin ] --START--
INFO: Run Behavior\ReadHtmlCacheBehavior [ RunTime:0.001000s ]
INFO: [ app_begin ] --END-- [ RunTime:0.001000s ]
INFO: [ view_parse ] --START--
INFO: [ template_filter ] --START--
INFO: Run Behavior\ContentReplaceBehavior [ RunTime:0.000000s ]
INFO: [ template_filter ] --END-- [ RunTime:0.000000s ]
NOTIC: [8] Undefined variable: smarty D:\php\WWW\chuanzhi\tpblog\blog\Runtime\Cache\Admin\7d90cd13de1b59c0e8e746de96bca9eb.php 第 12 行.
NOTIC: [8] Undefined variable: smarty D:\php\WWW\chuanzhi\tpblog\blog\Runtime\Cache\Admin\7d90cd13de1b59c0e8e746de96bca9eb.php 第 13 行.
NOTIC: [8] Undefined variable: smarty D:\php\WWW\chuanzhi\tpblog\blog\Runtime\Cache\Admin\7d90cd13de1b59c0e8e746de96bca9eb.php 第 14 行.
NOTIC: [8] Undefined variable: smarty D:\php\WWW\chuanzhi\tpblog\blog\Runtime\Cache\Admin\7d90cd13de1b59c0e8e746de96bca9eb.php 第 16 行.
NOTIC: [8] Undefined variable: smarty D:\php\WWW\chuanzhi\tpblog\blog\Runtime\Cache\Admin\7d90cd13de1b59c0e8e746de96bca9eb.php 第 17 行.
NOTIC: [8] Undefined variable: smarty D:\php\WWW\chuanzhi\tpblog\blog\Runtime\Cache\Admin\7d90cd13de1b59c0e8e746de96bca9eb.php 第 18 行.
NOTIC: [8] Undefined variable: smarty D:\php\WWW\chuanzhi\tpblog\blog\Runtime\Cache\Admin\7d90cd13de1b59c0e8e746de96bca9eb.php 第 19 行.
NOTIC: [8] Undefined variable: smarty D:\php\WWW\chuanzhi\tpblog\blog\Runtime\Cache\Admin\7d90cd13de1b59c0e8e746de96bca9eb.php 第 20 行.
NOTIC: [8] Undefined variable: smarty D:\php\WWW\chuanzhi\tpblog\blog\Runtime\Cache\Admin\7d90cd13de1b59c0e8e746de96bca9eb.php 第 21 行.
NOTIC: [8] Undefined variable: smarty D:\php\WWW\chuanzhi\tpblog\blog\Runtime\Cache\Admin\7d90cd13de1b59c0e8e746de96bca9eb.php 第 23 行.
NOTIC: [8] Undefined variable: smarty D:\php\WWW\chuanzhi\tpblog\blog\Runtime\Cache\Admin\7d90cd13de1b59c0e8e746de96bca9eb.php 第 179 行.
NOTIC: [8] Undefined variable: smarty D:\php\WWW\chuanzhi\tpblog\blog\Runtime\Cache\Admin\7d90cd13de1b59c0e8e746de96bca9eb.php 第 180 行.
NOTIC: [8] Undefined variable: smarty D:\php\WWW\chuanzhi\tpblog\blog\Runtime\Cache\Admin\7d90cd13de1b59c0e8e746de96bca9eb.php 第 181 行.
NOTIC: [8] Undefined variable: smarty D:\php\WWW\chuanzhi\tpblog\blog\Runtime\Cache\Admin\7d90cd13de1b59c0e8e746de96bca9eb.php 第 182 行.
INFO: Run Behavior\ParseTemplateBehavior [ RunTime:0.032002s ]
INFO: [ view_parse ] --END-- [ RunTime:0.032002s ]
INFO: [ view_filter ] --START--
INFO: Run Behavior\WriteHtmlCacheBehavior [ RunTime:0.001000s ]
INFO: [ view_filter ] --END-- [ RunTime:0.001000s ]
INFO: [ app_end ] --START--
INFO: Run Behavior\ShowPageTraceBehavior [ RunTime:0.001000s ]
INFO: [ app_end ] --END-- [ RunTime:0.001000s ]

[ 2016-08-02T10:39:58+08:00 ] 127.0.0.1 /blog/index.php/Admin/Index/h-ui/css/H-ui.min.css
INFO: [ app_init ] --START--
INFO: Run Behavior\BuildLiteBehavior [ RunTime:0.000000s ]
INFO: [ app_init ] --END-- [ RunTime:0.001000s ]
INFO: [ app_begin ] --START--
INFO: Run Behavior\ReadHtmlCacheBehavior [ RunTime:0.002000s ]
INFO: [ app_begin ] --END-- [ RunTime:0.002000s ]
ERR: 非法操作:h-ui

[ 2016-08-02T10:39:58+08:00 ] 127.0.0.1 /blog/index.php/Admin/Index/welcome.html
INFO: [ app_init ] --START--
INFO: Run Behavior\BuildLiteBehavior [ RunTime:0.000000s ]
INFO: [ app_init ] --END-- [ RunTime:0.001000s ]
INFO: [ app_begin ] --START--
INFO: Run Behavior\ReadHtmlCacheBehavior [ RunTime:0.001000s ]
INFO: [ app_begin ] --END-- [ RunTime:0.001000s ]
ERR: 非法操作:welcome

[ 2016-08-02T10:40:26+08:00 ] 127.0.0.1 /blog/index.php/Admin/Index/index
INFO: [ app_init ] --START--
INFO: Run Behavior\BuildLiteBehavior [ RunTime:0.000000s ]
INFO: [ app_init ] --END-- [ RunTime:0.002000s ]
INFO: [ app_begin ] --START--
INFO: Run Behavior\ReadHtmlCacheBehavior [ RunTime:0.002001s ]
INFO: [ app_begin ] --END-- [ RunTime:0.002001s ]
INFO: [ view_parse ] --START--
INFO: [ template_filter ] --START--
INFO: Run Behavior\ContentReplaceBehavior [ RunTime:0.000000s ]
INFO: [ template_filter ] --END-- [ RunTime:0.000000s ]
NOTIC: [8] Undefined variable: smarty D:\php\WWW\chuanzhi\tpblog\blog\Runtime\Cache\Admin\7d90cd13de1b59c0e8e746de96bca9eb.php 第 12 行.
NOTIC: [8] Undefined variable: smarty D:\php\WWW\chuanzhi\tpblog\blog\Runtime\Cache\Admin\7d90cd13de1b59c0e8e746de96bca9eb.php 第 13 行.
NOTIC: [8] Undefined variable: smarty D:\php\WWW\chuanzhi\tpblog\blog\Runtime\Cache\Admin\7d90cd13de1b59c0e8e746de96bca9eb.php 第 14 行.
NOTIC: [8] Undefined variable: smarty D:\php\WWW\chuanzhi\tpblog\blog\Runtime\Cache\Admin\7d90cd13de1b59c0e8e746de96bca9eb.php 第 16 行.
NOTIC: [8] Undefined variable: smarty D:\php\WWW\chuanzhi\tpblog\blog\Runtime\Cache\Admin\7d90cd13de1b59c0e8e746de96bca9eb.php 第 17 行.
NOTIC: [8] Undefined variable: smarty D:\php\WWW\chuanzhi\tpblog\blog\Runtime\Cache\Admin\7d90cd13de1b59c0e8e746de96bca9eb.php 第 18 行.
NOTIC: [8] Undefined variable: smarty D:\php\WWW\chuanzhi\tpblog\blog\Runtime\Cache\Admin\7d90cd13de1b59c0e8e746de96bca9eb.php 第 19 行.
NOTIC: [8] Undefined variable: smarty D:\php\WWW\chuanzhi\tpblog\blog\Runtime\Cache\Admin\7d90cd13de1b59c0e8e746de96bca9eb.php 第 20 行.
NOTIC: [8] Undefined variable: smarty D:\php\WWW\chuanzhi\tpblog\blog\Runtime\Cache\Admin\7d90cd13de1b59c0e8e746de96bca9eb.php 第 21 行.
NOTIC: [8] Undefined variable: smarty D:\php\WWW\chuanzhi\tpblog\blog\Runtime\Cache\Admin\7d90cd13de1b59c0e8e746de96bca9eb.php 第 23 行.
NOTIC: [8] Undefined variable: smarty D:\php\WWW\chuanzhi\tpblog\blog\Runtime\Cache\Admin\7d90cd13de1b59c0e8e746de96bca9eb.php 第 179 行.
NOTIC: [8] Undefined variable: smarty D:\php\WWW\chuanzhi\tpblog\blog\Runtime\Cache\Admin\7d90cd13de1b59c0e8e746de96bca9eb.php 第 180 行.
NOTIC: [8] Undefined variable: smarty D:\php\WWW\chuanzhi\tpblog\blog\Runtime\Cache\Admin\7d90cd13de1b59c0e8e746de96bca9eb.php 第 181 行.
NOTIC: [8] Undefined variable: smarty D:\php\WWW\chuanzhi\tpblog\blog\Runtime\Cache\Admin\7d90cd13de1b59c0e8e746de96bca9eb.php 第 182 行.
INFO: Run Behavior\ParseTemplateBehavior [ RunTime:0.018001s ]
INFO: [ view_parse ] --END-- [ RunTime:0.018001s ]
INFO: [ view_filter ] --START--
INFO: Run Behavior\WriteHtmlCacheBehavior [ RunTime:0.001000s ]
INFO: [ view_filter ] --END-- [ RunTime:0.001000s ]
INFO: [ app_end ] --START--
INFO: Run Behavior\ShowPageTraceBehavior [ RunTime:0.001000s ]
INFO: [ app_end ] --END-- [ RunTime:0.002000s ]

[ 2016-08-02T10:40:26+08:00 ] 127.0.0.1 /blog/index.php/Admin/Index/welcome.html
INFO: [ app_init ] --START--
INFO: Run Behavior\BuildLiteBehavior [ RunTime:0.000000s ]
INFO: [ app_init ] --END-- [ RunTime:0.001000s ]
INFO: [ app_begin ] --START--
INFO: Run Behavior\ReadHtmlCacheBehavior [ RunTime:0.002001s ]
INFO: [ app_begin ] --END-- [ RunTime:0.003001s ]
ERR: 非法操作:welcome

[ 2016-08-02T10:43:16+08:00 ] 127.0.0.1 /blog/index.php/Admin/Index/index
INFO: [ app_init ] --START--
INFO: Run Behavior\BuildLiteBehavior [ RunTime:0.000000s ]
INFO: [ app_init ] --END-- [ RunTime:0.002001s ]
INFO: [ app_begin ] --START--
INFO: Run Behavior\ReadHtmlCacheBehavior [ RunTime:0.001000s ]
INFO: [ app_begin ] --END-- [ RunTime:0.001000s ]
INFO: [ view_parse ] --START--
INFO: [ template_filter ] --START--
INFO: Run Behavior\ContentReplaceBehavior [ RunTime:0.000000s ]
INFO: [ template_filter ] --END-- [ RunTime:0.000000s ]
NOTIC: [8] Undefined variable: smarty D:\php\WWW\chuanzhi\tpblog\blog\Runtime\Cache\Admin\7d90cd13de1b59c0e8e746de96bca9eb.php 第 12 行.
NOTIC: [8] Undefined variable: smarty D:\php\WWW\chuanzhi\tpblog\blog\Runtime\Cache\Admin\7d90cd13de1b59c0e8e746de96bca9eb.php 第 13 行.
NOTIC: [8] Undefined variable: smarty D:\php\WWW\chuanzhi\tpblog\blog\Runtime\Cache\Admin\7d90cd13de1b59c0e8e746de96bca9eb.php 第 14 行.
NOTIC: [8] Undefined variable: smarty D:\php\WWW\chuanzhi\tpblog\blog\Runtime\Cache\Admin\7d90cd13de1b59c0e8e746de96bca9eb.php 第 16 行.
NOTIC: [8] Undefined variable: smarty D:\php\WWW\chuanzhi\tpblog\blog\Runtime\Cache\Admin\7d90cd13de1b59c0e8e746de96bca9eb.php 第 17 行.
NOTIC: [8] Undefined variable: smarty D:\php\WWW\chuanzhi\tpblog\blog\Runtime\Cache\Admin\7d90cd13de1b59c0e8e746de96bca9eb.php 第 18 行.
NOTIC: [8] Undefined variable: smarty D:\php\WWW\chuanzhi\tpblog\blog\Runtime\Cache\Admin\7d90cd13de1b59c0e8e746de96bca9eb.php 第 19 行.
NOTIC: [8] Undefined variable: smarty D:\php\WWW\chuanzhi\tpblog\blog\Runtime\Cache\Admin\7d90cd13de1b59c0e8e746de96bca9eb.php 第 20 行.
NOTIC: [8] Undefined variable: smarty D:\php\WWW\chuanzhi\tpblog\blog\Runtime\Cache\Admin\7d90cd13de1b59c0e8e746de96bca9eb.php 第 21 行.
NOTIC: [8] Undefined variable: smarty D:\php\WWW\chuanzhi\tpblog\blog\Runtime\Cache\Admin\7d90cd13de1b59c0e8e746de96bca9eb.php 第 23 行.
NOTIC: [8] Undefined variable: smarty D:\php\WWW\chuanzhi\tpblog\blog\Runtime\Cache\Admin\7d90cd13de1b59c0e8e746de96bca9eb.php 第 179 行.
NOTIC: [8] Undefined variable: smarty D:\php\WWW\chuanzhi\tpblog\blog\Runtime\Cache\Admin\7d90cd13de1b59c0e8e746de96bca9eb.php 第 180 行.
NOTIC: [8] Undefined variable: smarty D:\php\WWW\chuanzhi\tpblog\blog\Runtime\Cache\Admin\7d90cd13de1b59c0e8e746de96bca9eb.php 第 181 行.
NOTIC: [8] Undefined variable: smarty D:\php\WWW\chuanzhi\tpblog\blog\Runtime\Cache\Admin\7d90cd13de1b59c0e8e746de96bca9eb.php 第 182 行.
INFO: Run Behavior\ParseTemplateBehavior [ RunTime:0.018001s ]
INFO: [ view_parse ] --END-- [ RunTime:0.018001s ]
INFO: [ view_filter ] --START--
INFO: Run Behavior\WriteHtmlCacheBehavior [ RunTime:0.001000s ]
INFO: [ view_filter ] --END-- [ RunTime:0.002000s ]
INFO: [ app_end ] --START--
INFO: Run Behavior\ShowPageTraceBehavior [ RunTime:0.001001s ]
INFO: [ app_end ] --END-- [ RunTime:0.002001s ]

[ 2016-08-02T10:43:16+08:00 ] 127.0.0.1 /blog/index.php/Admin/Index/welcome.html
INFO: [ app_init ] --START--
INFO: Run Behavior\BuildLiteBehavior [ RunTime:0.000000s ]
INFO: [ app_init ] --END-- [ RunTime:0.001000s ]
INFO: [ app_begin ] --START--
INFO: Run Behavior\ReadHtmlCacheBehavior [ RunTime:0.002000s ]
INFO: [ app_begin ] --END-- [ RunTime:0.002000s ]
ERR: 非法操作:welcome

[ 2016-08-02T10:43:19+08:00 ] 127.0.0.1 /blog/index.php/Admin/Index/index
INFO: [ app_init ] --START--
INFO: Run Behavior\BuildLiteBehavior [ RunTime:0.000000s ]
INFO: [ app_init ] --END-- [ RunTime:0.001000s ]
INFO: [ app_begin ] --START--
INFO: Run Behavior\ReadHtmlCacheBehavior [ RunTime:0.001000s ]
INFO: [ app_begin ] --END-- [ RunTime:0.001000s ]
INFO: [ view_parse ] --START--
INFO: [ template_filter ] --START--
INFO: Run Behavior\ContentReplaceBehavior [ RunTime:0.000000s ]
INFO: [ template_filter ] --END-- [ RunTime:0.000000s ]
NOTIC: [8] Undefined variable: smarty D:\php\WWW\chuanzhi\tpblog\blog\Runtime\Cache\Admin\7d90cd13de1b59c0e8e746de96bca9eb.php 第 12 行.
NOTIC: [8] Undefined variable: smarty D:\php\WWW\chuanzhi\tpblog\blog\Runtime\Cache\Admin\7d90cd13de1b59c0e8e746de96bca9eb.php 第 13 行.
NOTIC: [8] Undefined variable: smarty D:\php\WWW\chuanzhi\tpblog\blog\Runtime\Cache\Admin\7d90cd13de1b59c0e8e746de96bca9eb.php 第 14 行.
NOTIC: [8] Undefined variable: smarty D:\php\WWW\chuanzhi\tpblog\blog\Runtime\Cache\Admin\7d90cd13de1b59c0e8e746de96bca9eb.php 第 16 行.
NOTIC: [8] Undefined variable: smarty D:\php\WWW\chuanzhi\tpblog\blog\Runtime\Cache\Admin\7d90cd13de1b59c0e8e746de96bca9eb.php 第 17 行.
NOTIC: [8] Undefined variable: smarty D:\php\WWW\chuanzhi\tpblog\blog\Runtime\Cache\Admin\7d90cd13de1b59c0e8e746de96bca9eb.php 第 18 行.
NOTIC: [8] Undefined variable: smarty D:\php\WWW\chuanzhi\tpblog\blog\Runtime\Cache\Admin\7d90cd13de1b59c0e8e746de96bca9eb.php 第 19 行.
NOTIC: [8] Undefined variable: smarty D:\php\WWW\chuanzhi\tpblog\blog\Runtime\Cache\Admin\7d90cd13de1b59c0e8e746de96bca9eb.php 第 20 行.
NOTIC: [8] Undefined variable: smarty D:\php\WWW\chuanzhi\tpblog\blog\Runtime\Cache\Admin\7d90cd13de1b59c0e8e746de96bca9eb.php 第 21 行.
NOTIC: [8] Undefined variable: smarty D:\php\WWW\chuanzhi\tpblog\blog\Runtime\Cache\Admin\7d90cd13de1b59c0e8e746de96bca9eb.php 第 23 行.
NOTIC: [8] Undefined variable: smarty D:\php\WWW\chuanzhi\tpblog\blog\Runtime\Cache\Admin\7d90cd13de1b59c0e8e746de96bca9eb.php 第 179 行.
NOTIC: [8] Undefined variable: smarty D:\php\WWW\chuanzhi\tpblog\blog\Runtime\Cache\Admin\7d90cd13de1b59c0e8e746de96bca9eb.php 第 180 行.
NOTIC: [8] Undefined variable: smarty D:\php\WWW\chuanzhi\tpblog\blog\Runtime\Cache\Admin\7d90cd13de1b59c0e8e746de96bca9eb.php 第 181 行.
NOTIC: [8] Undefined variable: smarty D:\php\WWW\chuanzhi\tpblog\blog\Runtime\Cache\Admin\7d90cd13de1b59c0e8e746de96bca9eb.php 第 182 行.
INFO: Run Behavior\ParseTemplateBehavior [ RunTime:0.016001s ]
INFO: [ view_parse ] --END-- [ RunTime:0.016001s ]
INFO: [ view_filter ] --START--
INFO: Run Behavior\WriteHtmlCacheBehavior [ RunTime:0.000000s ]
INFO: [ view_filter ] --END-- [ RunTime:0.000000s ]
INFO: [ app_end ] --START--
INFO: Run Behavior\ShowPageTraceBehavior [ RunTime:0.001000s ]
INFO: [ app_end ] --END-- [ RunTime:0.001000s ]

[ 2016-08-02T10:43:19+08:00 ] 127.0.0.1 /blog/index.php/Admin/Index/welcome.html
INFO: [ app_init ] --START--
INFO: Run Behavior\BuildLiteBehavior [ RunTime:0.000000s ]
INFO: [ app_init ] --END-- [ RunTime:0.003000s ]
INFO: [ app_begin ] --START--
INFO: Run Behavior\ReadHtmlCacheBehavior [ RunTime:0.003000s ]
INFO: [ app_begin ] --END-- [ RunTime:0.004000s ]
ERR: 非法操作:welcome

[ 2016-08-02T10:44:17+08:00 ] 127.0.0.1 /blog/index.php/Admin/Index/welcome.html
ERR: 非法操作:welcome

[ 2016-08-02T10:44:25+08:00 ] 127.0.0.1 /blog/index.php/Admin/Index/product-category.html
ERR: 非法操作:product-category

[ 2016-08-02T10:44:43+08:00 ] 127.0.0.1 /blog/index.php/Admin/Index/welcome.html
ERR: 非法操作:welcome

[ 2016-08-02T10:46:07+08:00 ] 127.0.0.1 /blog/index.php/Admin/Index/static/h-ui/css/H-ui.min.css
ERR: 非法操作:static

[ 2016-08-02T10:46:08+08:00 ] 127.0.0.1 /blog/index.php/Admin/Index/static/h-ui.admin/css/H-ui.admin.css
ERR: 非法操作:static

[ 2016-08-02T10:46:08+08:00 ] 127.0.0.1 /blog/index.php/Admin/Index/static/h-ui.admin/skin/default/skin.css
ERR: 非法操作:static

[ 2016-08-02T10:46:08+08:00 ] 127.0.0.1 /blog/index.php/Admin/Index/lib/Hui-iconfont/1.0.7/iconfont.css
ERR: 非法操作:lib

[ 2016-08-02T10:46:08+08:00 ] 127.0.0.1 /blog/index.php/Admin/Index/lib/icheck/icheck.css
ERR: 非法操作:lib

[ 2016-08-02T10:46:08+08:00 ] 127.0.0.1 /blog/index.php/Admin/Index/static/h-ui.admin/css/style.css
ERR: 非法操作:static

[ 2016-08-02T10:46:08+08:00 ] 127.0.0.1 /blog/index.php/Admin/Index/lib/jquery/1.9.1/jquery.min.js
ERR: 非法操作:lib

[ 2016-08-02T10:46:08+08:00 ] 127.0.0.1 /blog/index.php/Admin/Index/static/h-ui/js/H-ui.js
ERR: 非法操作:static

[ 2016-08-02T10:47:25+08:00 ] 127.0.0.1 /blog/index.php/Admin/Index/article-list.html
ERR: 非法操作:article-list

