[ 2016-08-09T08:13:44+08:00 ] 127.0.0.1 /blog/index.php/Admin/Article/ajax?category_id=3
INFO: [ app_begin ] --START--
INFO: Run Behavior\ReadHtmlCacheBehavior [ RunTime:0.002000s ]
INFO: [ app_begin ] --END-- [ RunTime:0.003000s ]
SQL: SHOW COLUMNS FROM `blog_tag` [ RunTime:0.0060s ]
SQL: SELECT `tag_id`,`category_id`,`tagname` FROM `blog_tag` WHERE `category_id` = 3  [ RunTime:0.0450s ]

[ 2016-08-09T08:15:19+08:00 ] 127.0.0.1 /blog/index.php/Admin/Article/ajax?category_id=3
INFO: [ app_begin ] --START--
INFO: Run Behavior\ReadHtmlCacheBehavior [ RunTime:0.001000s ]
INFO: [ app_begin ] --END-- [ RunTime:0.002000s ]
SQL: SHOW COLUMNS FROM `blog_tag` [ RunTime:0.0050s ]
SQL: SELECT `tag_id`,`category_id`,`tagname` FROM `blog_tag` WHERE `category_id` = 3  [ RunTime:0.0000s ]

[ 2016-08-09T08:16:35+08:00 ] 127.0.0.1 /blog/index.php/Admin/Article/ajax?category_id=3
INFO: [ app_begin ] --START--
INFO: Run Behavior\ReadHtmlCacheBehavior [ RunTime:0.001000s ]
INFO: [ app_begin ] --END-- [ RunTime:0.002000s ]
SQL: SHOW COLUMNS FROM `blog_tag` [ RunTime:0.0050s ]
SQL: SELECT `tag_id`,`category_id`,`tagname` FROM `blog_tag` WHERE `category_id` = 3  [ RunTime:0.0010s ]

[ 2016-08-09T08:20:18+08:00 ] 127.0.0.1 /blog/index.php/Admin/Article/ajax?category_id=3
INFO: [ app_begin ] --START--
INFO: Run Behavior\ReadHtmlCacheBehavior [ RunTime:0.001000s ]
INFO: [ app_begin ] --END-- [ RunTime:0.002000s ]
SQL: SHOW COLUMNS FROM `blog_tag` [ RunTime:0.0050s ]
SQL: SELECT `tag_id`,`category_id`,`tagname` FROM `blog_tag` WHERE `category_id` = 3  [ RunTime:0.0010s ]

[ 2016-08-09T08:54:47+08:00 ] 127.0.0.1 /blog/index.php/Admin/welcome.html
ERR: 无法加载控制器:Welcome

[ 2016-08-09T16:04:21+08:00 ] 127.0.0.1 /blog/index.php/Admin/Article/ajax?category_id=5
INFO: [ app_begin ] --START--
INFO: Run Behavior\ReadHtmlCacheBehavior [ RunTime:0.001000s ]
INFO: [ app_begin ] --END-- [ RunTime:0.002000s ]
SQL: SHOW COLUMNS FROM `blog_tag` [ RunTime:0.0090s ]
SQL: SELECT `tag_id`,`category_id`,`tagname` FROM `blog_tag` WHERE `category_id` = 5  [ RunTime:0.0010s ]

[ 2016-08-09T16:05:19+08:00 ] 127.0.0.1 /blog/index.php/Admin/Article/ajax?category_id=5
INFO: [ app_begin ] --START--
INFO: Run Behavior\ReadHtmlCacheBehavior [ RunTime:0.001000s ]
INFO: [ app_begin ] --END-- [ RunTime:0.003001s ]
SQL: SHOW COLUMNS FROM `blog_tag` [ RunTime:0.0080s ]
SQL: SELECT `tag_id`,`category_id`,`tagname` FROM `blog_tag` WHERE `category_id` = 5  [ RunTime:0.0010s ]

[ 2016-08-09T16:06:01+08:00 ] 127.0.0.1 /blog/index.php/Admin/Article/ajax?category_id=5
INFO: [ app_begin ] --START--
INFO: Run Behavior\ReadHtmlCacheBehavior [ RunTime:0.000000s ]
INFO: [ app_begin ] --END-- [ RunTime:0.000000s ]
SQL: SHOW COLUMNS FROM `blog_tag` [ RunTime:0.0080s ]
SQL: SELECT `tag_id`,`category_id`,`tagname` FROM `blog_tag` WHERE `category_id` = 5  [ RunTime:0.0010s ]

[ 2016-08-09T16:06:34+08:00 ] 127.0.0.1 /blog/index.php/Admin/Article/ajax?category_id=5
INFO: [ app_begin ] --START--
INFO: Run Behavior\ReadHtmlCacheBehavior [ RunTime:0.001000s ]
INFO: [ app_begin ] --END-- [ RunTime:0.002000s ]
SQL: SHOW COLUMNS FROM `blog_tag` [ RunTime:0.0070s ]
SQL: SELECT `tag_id`,`category_id`,`tagname` FROM `blog_tag` WHERE `category_id` = 5  [ RunTime:0.0010s ]

[ 2016-08-09T16:07:13+08:00 ] 127.0.0.1 /blog/index.php/Admin/Article/ajax?category_id=5
INFO: [ app_begin ] --START--
INFO: Run Behavior\ReadHtmlCacheBehavior [ RunTime:0.001000s ]
INFO: [ app_begin ] --END-- [ RunTime:0.002000s ]
SQL: SHOW COLUMNS FROM `blog_tag` [ RunTime:0.0060s ]
SQL: SELECT `tag_id`,`category_id`,`tagname` FROM `blog_tag` WHERE `category_id` = 5  [ RunTime:0.0000s ]

