[ 2016-08-06T08:37:49+08:00 ] 127.0.0.1 /blog/index.php/Admin/Article/ajax
INFO: [ app_begin ] --START--
INFO: Run Behavior\ReadHtmlCacheBehavior [ RunTime:0.002000s ]
INFO: [ app_begin ] --END-- [ RunTime:0.003000s ]
SQL: SHOW COLUMNS FROM `blog_tag` [ RunTime:0.0060s ]
SQL: SELECT `tag_id`,`category_id`,`tagname` FROM `blog_tag`  [ RunTime:0.0000s ]

[ 2016-08-06T08:37:55+08:00 ] 127.0.0.1 /blog/index.php/Admin/Article/ajax
INFO: [ app_begin ] --START--
INFO: Run Behavior\ReadHtmlCacheBehavior [ RunTime:0.002000s ]
INFO: [ app_begin ] --END-- [ RunTime:0.003000s ]
SQL: SHOW COLUMNS FROM `blog_tag` [ RunTime:0.0070s ]
SQL: SELECT `tag_id`,`category_id`,`tagname` FROM `blog_tag`  [ RunTime:0.0000s ]

[ 2016-08-06T08:38:19+08:00 ] 127.0.0.1 /blog/index.php/Admin/Article/ajax
INFO: [ app_begin ] --START--
INFO: Run Behavior\ReadHtmlCacheBehavior [ RunTime:0.001000s ]
INFO: [ app_begin ] --END-- [ RunTime:0.002000s ]
SQL: SHOW COLUMNS FROM `blog_tag` [ RunTime:0.0050s ]
SQL: SELECT `tag_id`,`category_id`,`tagname` FROM `blog_tag`  [ RunTime:0.0010s ]

[ 2016-08-06T08:38:47+08:00 ] 127.0.0.1 /blog/index.php/Admin/Article/ajax
INFO: [ app_begin ] --START--
INFO: Run Behavior\ReadHtmlCacheBehavior [ RunTime:0.002000s ]
INFO: [ app_begin ] --END-- [ RunTime:0.003000s ]
SQL: SHOW COLUMNS FROM `blog_tag` [ RunTime:0.0050s ]
SQL: SELECT `tag_id`,`category_id`,`tagname` FROM `blog_tag`  [ RunTime:0.0000s ]

[ 2016-08-06T08:41:11+08:00 ] 127.0.0.1 /blog/index.php/Admin/Article/ajax
INFO: [ app_begin ] --START--
INFO: Run Behavior\ReadHtmlCacheBehavior [ RunTime:0.002000s ]
INFO: [ app_begin ] --END-- [ RunTime:0.003001s ]
SQL: SHOW COLUMNS FROM `blog_tag` [ RunTime:0.0050s ]
SQL: SELECT `tag_id`,`category_id`,`tagname` FROM `blog_tag`  [ RunTime:0.0000s ]

[ 2016-08-06T08:41:13+08:00 ] 127.0.0.1 /blog/index.php/Admin/Article/ajax
INFO: [ app_begin ] --START--
INFO: Run Behavior\ReadHtmlCacheBehavior [ RunTime:0.001000s ]
INFO: [ app_begin ] --END-- [ RunTime:0.002000s ]
SQL: SHOW COLUMNS FROM `blog_tag` [ RunTime:0.0070s ]
SQL: SELECT `tag_id`,`category_id`,`tagname` FROM `blog_tag`  [ RunTime:0.0020s ]

[ 2016-08-06T08:41:23+08:00 ] 127.0.0.1 /blog/index.php/Admin/Article/ajax
INFO: [ app_begin ] --START--
INFO: Run Behavior\ReadHtmlCacheBehavior [ RunTime:0.001000s ]
INFO: [ app_begin ] --END-- [ RunTime:0.002001s ]
SQL: SHOW COLUMNS FROM `blog_tag` [ RunTime:0.0060s ]
SQL: SELECT `tag_id`,`category_id`,`tagname` FROM `blog_tag`  [ RunTime:0.0000s ]

[ 2016-08-06T08:43:30+08:00 ] 127.0.0.1 /blog/index.php/Admin/Article/ajax
INFO: [ app_begin ] --START--
INFO: Run Behavior\ReadHtmlCacheBehavior [ RunTime:0.002000s ]
INFO: [ app_begin ] --END-- [ RunTime:0.003000s ]
SQL: SHOW COLUMNS FROM `blog_tag` [ RunTime:0.0060s ]
SQL: SELECT `tag_id`,`category_id`,`tagname` FROM `blog_tag`  [ RunTime:0.0000s ]

[ 2016-08-06T08:43:50+08:00 ] 127.0.0.1 /blog/index.php/Admin/Article/ajax
INFO: [ app_begin ] --START--
INFO: Run Behavior\ReadHtmlCacheBehavior [ RunTime:0.001000s ]
INFO: [ app_begin ] --END-- [ RunTime:0.001000s ]
SQL: SHOW COLUMNS FROM `blog_tag` [ RunTime:0.0050s ]
SQL: SELECT `tag_id`,`category_id`,`tagname` FROM `blog_tag`  [ RunTime:0.0000s ]

[ 2016-08-06T08:43:54+08:00 ] 127.0.0.1 /blog/index.php/Admin/Article/ajax
INFO: [ app_begin ] --START--
INFO: Run Behavior\ReadHtmlCacheBehavior [ RunTime:0.002000s ]
INFO: [ app_begin ] --END-- [ RunTime:0.003000s ]
SQL: SHOW COLUMNS FROM `blog_tag` [ RunTime:0.0080s ]
SQL: SELECT `tag_id`,`category_id`,`tagname` FROM `blog_tag`  [ RunTime:0.0010s ]

[ 2016-08-06T08:44:18+08:00 ] 127.0.0.1 /blog/index.php/Admin/Article/ajax
INFO: [ app_begin ] --START--
INFO: Run Behavior\ReadHtmlCacheBehavior [ RunTime:0.001000s ]
INFO: [ app_begin ] --END-- [ RunTime:0.002000s ]
SQL: SHOW COLUMNS FROM `blog_tag` [ RunTime:0.0050s ]
SQL: SELECT `tag_id`,`category_id`,`tagname` FROM `blog_tag`  [ RunTime:0.0000s ]

[ 2016-08-06T08:44:28+08:00 ] 127.0.0.1 /blog/index.php/Admin/Article/ajax
INFO: [ app_begin ] --START--
INFO: Run Behavior\ReadHtmlCacheBehavior [ RunTime:0.001000s ]
INFO: [ app_begin ] --END-- [ RunTime:0.002000s ]
SQL: SHOW COLUMNS FROM `blog_tag` [ RunTime:0.0070s ]
SQL: SELECT `tag_id`,`category_id`,`tagname` FROM `blog_tag`  [ RunTime:0.0000s ]

[ 2016-08-06T08:46:35+08:00 ] 127.0.0.1 /blog/index.php/Admin/Article/ajax
INFO: [ app_begin ] --START--
INFO: Run Behavior\ReadHtmlCacheBehavior [ RunTime:0.001000s ]
INFO: [ app_begin ] --END-- [ RunTime:0.002000s ]
SQL: SHOW COLUMNS FROM `blog_tag` [ RunTime:0.0050s ]
SQL: SELECT `tag_id`,`category_id`,`tagname` FROM `blog_tag`  [ RunTime:0.0000s ]

[ 2016-08-06T08:46:39+08:00 ] 127.0.0.1 /blog/index.php/Admin/Article/ajax
INFO: [ app_begin ] --START--
INFO: Run Behavior\ReadHtmlCacheBehavior [ RunTime:0.001000s ]
INFO: [ app_begin ] --END-- [ RunTime:0.002000s ]
SQL: SHOW COLUMNS FROM `blog_tag` [ RunTime:0.0070s ]
SQL: SELECT `tag_id`,`category_id`,`tagname` FROM `blog_tag`  [ RunTime:0.0010s ]

[ 2016-08-06T08:51:03+08:00 ] 127.0.0.1 /blog/index.php/Admin/Article/ajax
INFO: [ app_begin ] --START--
INFO: Run Behavior\ReadHtmlCacheBehavior [ RunTime:0.001000s ]
INFO: [ app_begin ] --END-- [ RunTime:0.002000s ]
SQL: SHOW COLUMNS FROM `blog_tag` [ RunTime:0.0060s ]
SQL: SELECT `tag_id`,`category_id`,`tagname` FROM `blog_tag`  [ RunTime:0.0000s ]

[ 2016-08-06T08:51:09+08:00 ] 127.0.0.1 /blog/index.php/Admin/Article/ajax
INFO: [ app_begin ] --START--
INFO: Run Behavior\ReadHtmlCacheBehavior [ RunTime:0.001000s ]
INFO: [ app_begin ] --END-- [ RunTime:0.002000s ]
SQL: SHOW COLUMNS FROM `blog_tag` [ RunTime:0.0100s ]
SQL: SELECT `tag_id`,`category_id`,`tagname` FROM `blog_tag`  [ RunTime:0.0010s ]

[ 2016-08-06T08:55:00+08:00 ] 127.0.0.1 /blog/index.php/Admin/Article/articleadd.html
ERR: Syntax Error in template "D:/php/WWW/chuanzhi/tpblog/blog/Admin/View\Article\articleadd.html"  on line 257 "data:{'id':$('category_id').val()},"  - Unexpected ":", expected one of: "}" , " "

[ 2016-08-06T08:55:11+08:00 ] 127.0.0.1 /blog/index.php/Admin/Article/articleadd.html
ERR: Syntax Error in template "D:/php/WWW/chuanzhi/tpblog/blog/Admin/View\Article\articleadd.html"  on line 257 "data:{'id':$('category_id').val() },"  - Unexpected ":", expected one of: "}" , " "

[ 2016-08-06T08:55:29+08:00 ] 127.0.0.1 /blog/index.php/Admin/Article/articleadd.html
ERR: Syntax Error in template "D:/php/WWW/chuanzhi/tpblog/blog/Admin/View\Article\articleadd.html"  on line 257 "data:{'id':$('category_id').val() },"  - Unexpected ":", expected one of: "}" , " "

[ 2016-08-06T08:56:20+08:00 ] 127.0.0.1 /blog/index.php/Admin/Article/ajax
INFO: [ app_begin ] --START--
INFO: Run Behavior\ReadHtmlCacheBehavior [ RunTime:0.002000s ]
INFO: [ app_begin ] --END-- [ RunTime:0.003000s ]
SQL: SHOW COLUMNS FROM `blog_tag` [ RunTime:0.0050s ]
SQL: SELECT `tag_id`,`category_id`,`tagname` FROM `blog_tag`  [ RunTime:0.0000s ]

[ 2016-08-06T08:56:22+08:00 ] 127.0.0.1 /blog/index.php/Admin/Article/ajax
INFO: [ app_begin ] --START--
INFO: Run Behavior\ReadHtmlCacheBehavior [ RunTime:0.001000s ]
INFO: [ app_begin ] --END-- [ RunTime:0.002000s ]
SQL: SHOW COLUMNS FROM `blog_tag` [ RunTime:0.0060s ]
SQL: SELECT `tag_id`,`category_id`,`tagname` FROM `blog_tag`  [ RunTime:0.0000s ]

[ 2016-08-06T08:56:26+08:00 ] 127.0.0.1 /blog/index.php/Admin/Article/ajax
INFO: [ app_begin ] --START--
INFO: Run Behavior\ReadHtmlCacheBehavior [ RunTime:0.001000s ]
INFO: [ app_begin ] --END-- [ RunTime:0.002000s ]
SQL: SHOW COLUMNS FROM `blog_tag` [ RunTime:0.0060s ]
SQL: SELECT `tag_id`,`category_id`,`tagname` FROM `blog_tag`  [ RunTime:0.0010s ]

[ 2016-08-06T08:57:12+08:00 ] 127.0.0.1 /blog/index.php/Admin/Article/ajax
INFO: [ app_begin ] --START--
INFO: Run Behavior\ReadHtmlCacheBehavior [ RunTime:0.001001s ]
INFO: [ app_begin ] --END-- [ RunTime:0.002001s ]
SQL: SHOW COLUMNS FROM `blog_tag` [ RunTime:0.0060s ]
SQL: SELECT `tag_id`,`category_id`,`tagname` FROM `blog_tag`  [ RunTime:0.0010s ]

[ 2016-08-06T08:57:14+08:00 ] 127.0.0.1 /blog/index.php/Admin/Article/ajax
INFO: [ app_begin ] --START--
INFO: Run Behavior\ReadHtmlCacheBehavior [ RunTime:0.001000s ]
INFO: [ app_begin ] --END-- [ RunTime:0.002000s ]
SQL: SHOW COLUMNS FROM `blog_tag` [ RunTime:0.0090s ]
SQL: SELECT `tag_id`,`category_id`,`tagname` FROM `blog_tag`  [ RunTime:0.0010s ]

[ 2016-08-06T08:57:24+08:00 ] 127.0.0.1 /blog/index.php/Admin/Article/ajax
INFO: [ app_begin ] --START--
INFO: Run Behavior\ReadHtmlCacheBehavior [ RunTime:0.001000s ]
INFO: [ app_begin ] --END-- [ RunTime:0.002000s ]
SQL: SHOW COLUMNS FROM `blog_tag` [ RunTime:0.0060s ]
SQL: SELECT `tag_id`,`category_id`,`tagname` FROM `blog_tag`  [ RunTime:0.0010s ]

[ 2016-08-06T08:57:43+08:00 ] 127.0.0.1 /blog/index.php/Admin/Article/ajax
INFO: [ app_begin ] --START--
INFO: Run Behavior\ReadHtmlCacheBehavior [ RunTime:0.002000s ]
INFO: [ app_begin ] --END-- [ RunTime:0.004000s ]
SQL: SHOW COLUMNS FROM `blog_tag` [ RunTime:0.0060s ]
SQL: SELECT `tag_id`,`category_id`,`tagname` FROM `blog_tag`  [ RunTime:0.0000s ]

[ 2016-08-06T08:58:23+08:00 ] 127.0.0.1 /blog/index.php/Admin/Article/ajax
INFO: [ app_begin ] --START--
INFO: Run Behavior\ReadHtmlCacheBehavior [ RunTime:0.001000s ]
INFO: [ app_begin ] --END-- [ RunTime:0.002000s ]
SQL: SHOW COLUMNS FROM `blog_tag` [ RunTime:0.0060s ]
SQL: SELECT `tag_id`,`category_id`,`tagname` FROM `blog_tag`  [ RunTime:0.0010s ]

[ 2016-08-06T09:03:24+08:00 ] 127.0.0.1 /blog/index.php/Admin/Article/ajax
INFO: [ app_begin ] --START--
INFO: Run Behavior\ReadHtmlCacheBehavior [ RunTime:0.002001s ]
INFO: [ app_begin ] --END-- [ RunTime:0.002001s ]
SQL: SHOW COLUMNS FROM `blog_tag` [ RunTime:0.0060s ]
SQL: SELECT `tag_id`,`category_id`,`tagname` FROM `blog_tag`  [ RunTime:0.0000s ]

[ 2016-08-06T09:03:28+08:00 ] 127.0.0.1 /blog/index.php/Admin/Article/ajax
INFO: [ app_begin ] --START--
INFO: Run Behavior\ReadHtmlCacheBehavior [ RunTime:0.002000s ]
INFO: [ app_begin ] --END-- [ RunTime:0.002000s ]
SQL: SHOW COLUMNS FROM `blog_tag` [ RunTime:0.0090s ]
SQL: SELECT `tag_id`,`category_id`,`tagname` FROM `blog_tag`  [ RunTime:0.0010s ]

[ 2016-08-06T09:05:43+08:00 ] 127.0.0.1 /blog/index.php/Admin/Article/ajax
INFO: [ app_begin ] --START--
INFO: Run Behavior\ReadHtmlCacheBehavior [ RunTime:0.002001s ]
INFO: [ app_begin ] --END-- [ RunTime:0.002001s ]
SQL: SHOW COLUMNS FROM `blog_tag` [ RunTime:0.0050s ]
SQL: SELECT `tag_id`,`category_id`,`tagname` FROM `blog_tag`  [ RunTime:0.0000s ]

[ 2016-08-06T09:05:45+08:00 ] 127.0.0.1 /blog/index.php/Admin/Article/ajax
INFO: [ app_begin ] --START--
INFO: Run Behavior\ReadHtmlCacheBehavior [ RunTime:0.001000s ]
INFO: [ app_begin ] --END-- [ RunTime:0.002000s ]
SQL: SHOW COLUMNS FROM `blog_tag` [ RunTime:0.0070s ]
SQL: SELECT `tag_id`,`category_id`,`tagname` FROM `blog_tag`  [ RunTime:0.0010s ]

[ 2016-08-06T09:10:49+08:00 ] 127.0.0.1 /blog/index.php/Admin/Article/ajax
INFO: [ app_begin ] --START--
INFO: Run Behavior\ReadHtmlCacheBehavior [ RunTime:0.004000s ]
INFO: [ app_begin ] --END-- [ RunTime:0.005000s ]
SQL: SHOW COLUMNS FROM `blog_tag` [ RunTime:0.0050s ]
SQL: SELECT `tag_id`,`category_id`,`tagname` FROM `blog_tag`  [ RunTime:0.0010s ]

[ 2016-08-06T09:10:52+08:00 ] 127.0.0.1 /blog/index.php/Admin/Article/ajax
INFO: [ app_begin ] --START--
INFO: Run Behavior\ReadHtmlCacheBehavior [ RunTime:0.001000s ]
INFO: [ app_begin ] --END-- [ RunTime:0.002000s ]
SQL: SHOW COLUMNS FROM `blog_tag` [ RunTime:0.0070s ]
SQL: SELECT `tag_id`,`category_id`,`tagname` FROM `blog_tag`  [ RunTime:0.0010s ]

[ 2016-08-06T09:11:02+08:00 ] 127.0.0.1 /blog/index.php/Admin/Article/ajax
INFO: [ app_begin ] --START--
INFO: Run Behavior\ReadHtmlCacheBehavior [ RunTime:0.001000s ]
INFO: [ app_begin ] --END-- [ RunTime:0.002000s ]
SQL: SHOW COLUMNS FROM `blog_tag` [ RunTime:0.0060s ]
SQL: SELECT `tag_id`,`category_id`,`tagname` FROM `blog_tag`  [ RunTime:0.0010s ]

[ 2016-08-06T09:11:18+08:00 ] 127.0.0.1 /blog/index.php/Admin/Article/ajax
INFO: [ app_begin ] --START--
INFO: Run Behavior\ReadHtmlCacheBehavior [ RunTime:0.001000s ]
INFO: [ app_begin ] --END-- [ RunTime:0.002000s ]
SQL: SHOW COLUMNS FROM `blog_tag` [ RunTime:0.0070s ]
SQL: SELECT `tag_id`,`category_id`,`tagname` FROM `blog_tag`  [ RunTime:0.0010s ]

[ 2016-08-06T09:11:20+08:00 ] 127.0.0.1 /blog/index.php/Admin/Article/ajax
INFO: [ app_begin ] --START--
INFO: Run Behavior\ReadHtmlCacheBehavior [ RunTime:0.002000s ]
INFO: [ app_begin ] --END-- [ RunTime:0.002000s ]
SQL: SHOW COLUMNS FROM `blog_tag` [ RunTime:0.0060s ]
SQL: SELECT `tag_id`,`category_id`,`tagname` FROM `blog_tag`  [ RunTime:0.0010s ]

[ 2016-08-06T09:13:55+08:00 ] 127.0.0.1 /blog/index.php/Admin/Article/ajax
INFO: [ app_begin ] --START--
INFO: Run Behavior\ReadHtmlCacheBehavior [ RunTime:0.002000s ]
INFO: [ app_begin ] --END-- [ RunTime:0.003000s ]
SQL: SHOW COLUMNS FROM `blog_tag` [ RunTime:0.0060s ]
SQL: SELECT `tag_id`,`category_id`,`tagname` FROM `blog_tag`  [ RunTime:0.0000s ]

[ 2016-08-06T09:13:58+08:00 ] 127.0.0.1 /blog/index.php/Admin/Article/ajax
INFO: [ app_begin ] --START--
INFO: Run Behavior\ReadHtmlCacheBehavior [ RunTime:0.002000s ]
INFO: [ app_begin ] --END-- [ RunTime:0.003000s ]
SQL: SHOW COLUMNS FROM `blog_tag` [ RunTime:0.0060s ]
SQL: SELECT `tag_id`,`category_id`,`tagname` FROM `blog_tag`  [ RunTime:0.0000s ]

[ 2016-08-06T09:13:59+08:00 ] 127.0.0.1 /blog/index.php/Admin/Article/ajax
INFO: [ app_begin ] --START--
INFO: Run Behavior\ReadHtmlCacheBehavior [ RunTime:0.001000s ]
INFO: [ app_begin ] --END-- [ RunTime:0.002000s ]
SQL: SHOW COLUMNS FROM `blog_tag` [ RunTime:0.0060s ]
SQL: SELECT `tag_id`,`category_id`,`tagname` FROM `blog_tag`  [ RunTime:0.0000s ]

[ 2016-08-06T09:14:20+08:00 ] 127.0.0.1 /blog/index.php/Admin/Article/ajax
INFO: [ app_begin ] --START--
INFO: Run Behavior\ReadHtmlCacheBehavior [ RunTime:0.001000s ]
INFO: [ app_begin ] --END-- [ RunTime:0.002000s ]
SQL: SHOW COLUMNS FROM `blog_tag` [ RunTime:0.0060s ]
SQL: SELECT `tag_id`,`category_id`,`tagname` FROM `blog_tag`  [ RunTime:0.0010s ]

[ 2016-08-06T09:15:54+08:00 ] 127.0.0.1 /blog/index.php/Admin/Article/ajax
INFO: [ app_begin ] --START--
INFO: Run Behavior\ReadHtmlCacheBehavior [ RunTime:0.002000s ]
INFO: [ app_begin ] --END-- [ RunTime:0.003000s ]
SQL: SHOW COLUMNS FROM `blog_tag` [ RunTime:0.0070s ]
SQL: SELECT `tag_id`,`category_id`,`tagname` FROM `blog_tag`  [ RunTime:0.0010s ]

[ 2016-08-06T09:15:57+08:00 ] 127.0.0.1 /blog/index.php/Admin/Article/ajax
INFO: [ app_begin ] --START--
INFO: Run Behavior\ReadHtmlCacheBehavior [ RunTime:0.001000s ]
INFO: [ app_begin ] --END-- [ RunTime:0.004000s ]
SQL: SHOW COLUMNS FROM `blog_tag` [ RunTime:0.0080s ]
SQL: SELECT `tag_id`,`category_id`,`tagname` FROM `blog_tag`  [ RunTime:0.0010s ]

[ 2016-08-06T09:17:07+08:00 ] 127.0.0.1 /blog/index.php/Admin/Article/ajax
INFO: [ app_begin ] --START--
INFO: Run Behavior\ReadHtmlCacheBehavior [ RunTime:0.001000s ]
INFO: [ app_begin ] --END-- [ RunTime:0.003000s ]
SQL: SHOW COLUMNS FROM `blog_tag` [ RunTime:0.0070s ]
SQL: SELECT `tag_id`,`category_id`,`tagname` FROM `blog_tag`  [ RunTime:0.0010s ]

[ 2016-08-06T09:29:34+08:00 ] 127.0.0.1 /blog/index.php/Admin/Article/ajax
INFO: [ app_begin ] --START--
INFO: Run Behavior\ReadHtmlCacheBehavior [ RunTime:0.002000s ]
INFO: [ app_begin ] --END-- [ RunTime:0.002000s ]
SQL: SHOW COLUMNS FROM `blog_tag` [ RunTime:0.0050s ]
SQL: SELECT `tag_id`,`category_id`,`tagname` FROM `blog_tag`  [ RunTime:0.0010s ]

[ 2016-08-06T09:29:37+08:00 ] 127.0.0.1 /blog/index.php/Admin/Article/ajax
INFO: [ app_begin ] --START--
INFO: Run Behavior\ReadHtmlCacheBehavior [ RunTime:0.001000s ]
INFO: [ app_begin ] --END-- [ RunTime:0.002000s ]
SQL: SHOW COLUMNS FROM `blog_tag` [ RunTime:0.0070s ]
SQL: SELECT `tag_id`,`category_id`,`tagname` FROM `blog_tag`  [ RunTime:0.0010s ]

[ 2016-08-06T09:32:09+08:00 ] 127.0.0.1 /blog/index.php/Admin/Article/ajax
INFO: [ app_begin ] --START--
INFO: Run Behavior\ReadHtmlCacheBehavior [ RunTime:0.001000s ]
INFO: [ app_begin ] --END-- [ RunTime:0.002001s ]
SQL: SHOW COLUMNS FROM `blog_tag` [ RunTime:0.0060s ]
SQL: SELECT `tag_id`,`category_id`,`tagname` FROM `blog_tag`  [ RunTime:0.0000s ]

[ 2016-08-06T09:32:19+08:00 ] 127.0.0.1 /blog/index.php/Admin/Article/ajax
INFO: [ app_begin ] --START--
INFO: Run Behavior\ReadHtmlCacheBehavior [ RunTime:0.001000s ]
INFO: [ app_begin ] --END-- [ RunTime:0.002000s ]
SQL: SHOW COLUMNS FROM `blog_tag` [ RunTime:0.0050s ]
SQL: SELECT `tag_id`,`category_id`,`tagname` FROM `blog_tag`  [ RunTime:0.0010s ]

[ 2016-08-06T09:32:37+08:00 ] 127.0.0.1 /blog/index.php/Admin/Article/ajax
INFO: [ app_begin ] --START--
INFO: Run Behavior\ReadHtmlCacheBehavior [ RunTime:0.001000s ]
INFO: [ app_begin ] --END-- [ RunTime:0.001000s ]
SQL: SHOW COLUMNS FROM `blog_tag` [ RunTime:0.0060s ]
SQL: SELECT `tag_id`,`category_id`,`tagname` FROM `blog_tag`  [ RunTime:0.0010s ]

[ 2016-08-06T09:37:56+08:00 ] 127.0.0.1 /blog/index.php/Admin/Article/ajax?category_id=3
INFO: [ app_begin ] --START--
INFO: Run Behavior\ReadHtmlCacheBehavior [ RunTime:0.002001s ]
INFO: [ app_begin ] --END-- [ RunTime:0.003001s ]
SQL: SHOW COLUMNS FROM `blog_tag` [ RunTime:0.0050s ]
SQL: SELECT `tag_id`,`category_id`,`tagname` FROM `blog_tag`  [ RunTime:0.0010s ]

[ 2016-08-06T09:37:59+08:00 ] 127.0.0.1 /blog/index.php/Admin/Article/ajax?category_id=4
INFO: [ app_begin ] --START--
INFO: Run Behavior\ReadHtmlCacheBehavior [ RunTime:0.001000s ]
INFO: [ app_begin ] --END-- [ RunTime:0.002000s ]
SQL: SHOW COLUMNS FROM `blog_tag` [ RunTime:0.0060s ]
SQL: SELECT `tag_id`,`category_id`,`tagname` FROM `blog_tag`  [ RunTime:0.0010s ]

[ 2016-08-06T09:38:17+08:00 ] 127.0.0.1 /blog/index.php/Admin/Article/ajax
ERR: 参数错误或者未定义:category_id

[ 2016-08-06T09:39:37+08:00 ] 127.0.0.1 /blog/index.php/Admin/Article/ajax
ERR: 参数错误或者未定义:category_id

[ 2016-08-06T09:39:39+08:00 ] 127.0.0.1 /blog/index.php/Admin/Article/ajax
ERR: 参数错误或者未定义:category_id

[ 2016-08-06T09:40:06+08:00 ] 127.0.0.1 /blog/index.php/Admin/Article/ajax/category_id/
ERR: 参数错误或者未定义:category_id

[ 2016-08-06T09:42:00+08:00 ] 127.0.0.1 /blog/index.php/Admin/Article/ajax?category_id=2
INFO: [ app_begin ] --START--
INFO: Run Behavior\ReadHtmlCacheBehavior [ RunTime:0.001000s ]
INFO: [ app_begin ] --END-- [ RunTime:0.002000s ]
SQL: SHOW COLUMNS FROM `blog_tag` [ RunTime:0.0090s ]
SQL: SELECT `tag_id`,`category_id`,`tagname` FROM `blog_tag` WHERE `category_id` = 2  [ RunTime:0.0020s ]

[ 2016-08-06T09:42:02+08:00 ] 127.0.0.1 /blog/index.php/Admin/Article/ajax?category_id=3
INFO: [ app_begin ] --START--
INFO: Run Behavior\ReadHtmlCacheBehavior [ RunTime:0.001000s ]
INFO: [ app_begin ] --END-- [ RunTime:0.001000s ]
SQL: SHOW COLUMNS FROM `blog_tag` [ RunTime:0.0060s ]
SQL: SELECT `tag_id`,`category_id`,`tagname` FROM `blog_tag` WHERE `category_id` = 3  [ RunTime:0.0520s ]

[ 2016-08-06T09:42:27+08:00 ] 127.0.0.1 /blog/index.php/Admin/Article/ajax?category_id=3
INFO: [ app_begin ] --START--
INFO: Run Behavior\ReadHtmlCacheBehavior [ RunTime:0.002000s ]
INFO: [ app_begin ] --END-- [ RunTime:0.003000s ]
SQL: SHOW COLUMNS FROM `blog_tag` [ RunTime:0.0050s ]
SQL: SELECT `tag_id`,`category_id`,`tagname` FROM `blog_tag` WHERE `category_id` = 3  [ RunTime:0.0000s ]

[ 2016-08-06T09:44:30+08:00 ] 127.0.0.1 /blog/index.php/Admin/Article/ajax?category_id=2
INFO: [ app_begin ] --START--
INFO: Run Behavior\ReadHtmlCacheBehavior [ RunTime:0.001000s ]
INFO: [ app_begin ] --END-- [ RunTime:0.002000s ]
SQL: SHOW COLUMNS FROM `blog_tag` [ RunTime:0.0060s ]
SQL: SELECT `tag_id`,`category_id`,`tagname` FROM `blog_tag` WHERE `category_id` = 2  [ RunTime:0.0010s ]

[ 2016-08-06T09:51:46+08:00 ] 127.0.0.1 /blog/index.php/Admin/Article/ajax?category_id=3
INFO: [ app_begin ] --START--
INFO: Run Behavior\ReadHtmlCacheBehavior [ RunTime:0.001000s ]
INFO: [ app_begin ] --END-- [ RunTime:0.002000s ]
SQL: SHOW COLUMNS FROM `blog_tag` [ RunTime:0.0070s ]
SQL: SELECT `tag_id`,`category_id`,`tagname` FROM `blog_tag` WHERE `category_id` = 3  [ RunTime:0.0010s ]

[ 2016-08-06T09:53:15+08:00 ] 127.0.0.1 /blog/index.php/Admin/Article/ajax?category_id=4
INFO: [ app_begin ] --START--
INFO: Run Behavior\ReadHtmlCacheBehavior [ RunTime:0.001000s ]
INFO: [ app_begin ] --END-- [ RunTime:0.002000s ]
SQL: SHOW COLUMNS FROM `blog_tag` [ RunTime:0.0080s ]
SQL: SELECT `tag_id`,`category_id`,`tagname` FROM `blog_tag` WHERE `category_id` = 4  [ RunTime:0.0000s ]

[ 2016-08-06T09:53:21+08:00 ] 127.0.0.1 /blog/index.php/Admin/Article/ajax?category_id=5
INFO: [ app_begin ] --START--
INFO: Run Behavior\ReadHtmlCacheBehavior [ RunTime:0.001000s ]
INFO: [ app_begin ] --END-- [ RunTime:0.002000s ]
SQL: SHOW COLUMNS FROM `blog_tag` [ RunTime:0.0110s ]
SQL: SELECT `tag_id`,`category_id`,`tagname` FROM `blog_tag` WHERE `category_id` = 5  [ RunTime:0.0010s ]

[ 2016-08-06T09:54:52+08:00 ] 127.0.0.1 /blog/index.php/Admin/Article/ajax?category_id=4
INFO: [ app_begin ] --START--
INFO: Run Behavior\ReadHtmlCacheBehavior [ RunTime:0.001001s ]
INFO: [ app_begin ] --END-- [ RunTime:0.002001s ]
SQL: SHOW COLUMNS FROM `blog_tag` [ RunTime:0.0070s ]
SQL: SELECT `tag_id`,`category_id`,`tagname` FROM `blog_tag` WHERE `category_id` = 4  [ RunTime:0.0000s ]

[ 2016-08-06T09:55:20+08:00 ] 127.0.0.1 /blog/index.php/Admin/Article/ajax?category_id=2
INFO: [ app_begin ] --START--
INFO: Run Behavior\ReadHtmlCacheBehavior [ RunTime:0.001000s ]
INFO: [ app_begin ] --END-- [ RunTime:0.002000s ]
SQL: SHOW COLUMNS FROM `blog_tag` [ RunTime:0.0060s ]
SQL: SELECT `tag_id`,`category_id`,`tagname` FROM `blog_tag` WHERE `category_id` = 2  [ RunTime:0.0010s ]

[ 2016-08-06T09:56:12+08:00 ] 127.0.0.1 /blog/index.php/Admin/Article/ajax?category_id=2
INFO: [ app_begin ] --START--
INFO: Run Behavior\ReadHtmlCacheBehavior [ RunTime:0.002000s ]
INFO: [ app_begin ] --END-- [ RunTime:0.003000s ]
SQL: SHOW COLUMNS FROM `blog_tag` [ RunTime:0.0060s ]
SQL: SELECT `tag_id`,`category_id`,`tagname` FROM `blog_tag` WHERE `category_id` = 2  [ RunTime:0.0010s ]

[ 2016-08-06T09:56:27+08:00 ] 127.0.0.1 /blog/index.php/Admin/Article/ajax?category_id=2
INFO: [ app_begin ] --START--
INFO: Run Behavior\ReadHtmlCacheBehavior [ RunTime:0.001000s ]
INFO: [ app_begin ] --END-- [ RunTime:0.002000s ]
SQL: SHOW COLUMNS FROM `blog_tag` [ RunTime:0.0070s ]
SQL: SELECT `tag_id`,`category_id`,`tagname` FROM `blog_tag` WHERE `category_id` = 2  [ RunTime:0.0010s ]

[ 2016-08-06T09:59:36+08:00 ] 127.0.0.1 /blog/index.php/Admin/Article/ajax?category_id=2
INFO: [ app_begin ] --START--
INFO: Run Behavior\ReadHtmlCacheBehavior [ RunTime:0.001000s ]
INFO: [ app_begin ] --END-- [ RunTime:0.002000s ]
SQL: SHOW COLUMNS FROM `blog_tag` [ RunTime:0.0070s ]
SQL: SELECT `tag_id`,`category_id`,`tagname` FROM `blog_tag` WHERE `category_id` = 2  [ RunTime:0.0040s ]

[ 2016-08-06T09:59:46+08:00 ] 127.0.0.1 /blog/index.php/Admin/Article/ajax?category_id=3
INFO: [ app_begin ] --START--
INFO: Run Behavior\ReadHtmlCacheBehavior [ RunTime:0.001000s ]
INFO: [ app_begin ] --END-- [ RunTime:0.003000s ]
SQL: SHOW COLUMNS FROM `blog_tag` [ RunTime:0.0070s ]
SQL: SELECT `tag_id`,`category_id`,`tagname` FROM `blog_tag` WHERE `category_id` = 3  [ RunTime:0.0000s ]

[ 2016-08-06T09:59:58+08:00 ] 127.0.0.1 /blog/index.php/Admin/Article/ajax?category_id=4
INFO: [ app_begin ] --START--
INFO: Run Behavior\ReadHtmlCacheBehavior [ RunTime:0.001000s ]
INFO: [ app_begin ] --END-- [ RunTime:0.002000s ]
SQL: SHOW COLUMNS FROM `blog_tag` [ RunTime:0.0060s ]
SQL: SELECT `tag_id`,`category_id`,`tagname` FROM `blog_tag` WHERE `category_id` = 4  [ RunTime:0.0000s ]

[ 2016-08-06T10:00:14+08:00 ] 127.0.0.1 /blog/index.php/Admin/Article/ajax?category_id=2
INFO: [ app_begin ] --START--
INFO: Run Behavior\ReadHtmlCacheBehavior [ RunTime:0.001000s ]
INFO: [ app_begin ] --END-- [ RunTime:0.002000s ]
SQL: SHOW COLUMNS FROM `blog_tag` [ RunTime:0.0070s ]
SQL: SELECT `tag_id`,`category_id`,`tagname` FROM `blog_tag` WHERE `category_id` = 2  [ RunTime:0.0010s ]

[ 2016-08-06T10:01:07+08:00 ] 127.0.0.1 /blog/index.php/Admin/Article/ajax?category_id=2
INFO: [ app_begin ] --START--
INFO: Run Behavior\ReadHtmlCacheBehavior [ RunTime:0.001000s ]
INFO: [ app_begin ] --END-- [ RunTime:0.002000s ]
SQL: SHOW COLUMNS FROM `blog_tag` [ RunTime:0.0190s ]
SQL: SELECT `tag_id`,`category_id`,`tagname` FROM `blog_tag` WHERE `category_id` = 2  [ RunTime:0.0000s ]

[ 2016-08-06T10:04:37+08:00 ] 127.0.0.1 /blog/index.php/Admin/Article/ajax?category_id=3
INFO: [ app_begin ] --START--
INFO: Run Behavior\ReadHtmlCacheBehavior [ RunTime:0.001000s ]
INFO: [ app_begin ] --END-- [ RunTime:0.002000s ]
SQL: SHOW COLUMNS FROM `blog_tag` [ RunTime:0.0070s ]
SQL: SELECT `tag_id`,`category_id`,`tagname` FROM `blog_tag` WHERE `category_id` = 3  [ RunTime:0.0010s ]

[ 2016-08-06T10:04:42+08:00 ] 127.0.0.1 /blog/index.php/Admin/Article/ajax?category_id=4
INFO: [ app_begin ] --START--
INFO: Run Behavior\ReadHtmlCacheBehavior [ RunTime:0.001000s ]
INFO: [ app_begin ] --END-- [ RunTime:0.002000s ]
SQL: SHOW COLUMNS FROM `blog_tag` [ RunTime:0.0080s ]
SQL: SELECT `tag_id`,`category_id`,`tagname` FROM `blog_tag` WHERE `category_id` = 4  [ RunTime:0.0010s ]

[ 2016-08-06T10:09:09+08:00 ] 127.0.0.1 /blog/index.php/Admin/Article/ajax?category_id=2
INFO: [ app_begin ] --START--
INFO: Run Behavior\ReadHtmlCacheBehavior [ RunTime:0.001000s ]
INFO: [ app_begin ] --END-- [ RunTime:0.003000s ]
SQL: SHOW COLUMNS FROM `blog_tag` [ RunTime:0.0430s ]
SQL: SELECT `tag_id`,`category_id`,`tagname` FROM `blog_tag` WHERE `category_id` = 2  [ RunTime:0.0000s ]

[ 2016-08-06T10:09:40+08:00 ] 127.0.0.1 /blog/index.php/Admin/Article/ajax?category_id=4
INFO: [ app_begin ] --START--
INFO: Run Behavior\ReadHtmlCacheBehavior [ RunTime:0.001001s ]
INFO: [ app_begin ] --END-- [ RunTime:0.003001s ]
SQL: SHOW COLUMNS FROM `blog_tag` [ RunTime:0.0080s ]
SQL: SELECT `tag_id`,`category_id`,`tagname` FROM `blog_tag` WHERE `category_id` = 4  [ RunTime:0.0010s ]

[ 2016-08-06T10:11:57+08:00 ] 127.0.0.1 /blog/index.php/Admin/Article/ajax?category_id=2
INFO: [ app_begin ] --START--
INFO: Run Behavior\ReadHtmlCacheBehavior [ RunTime:0.001000s ]
INFO: [ app_begin ] --END-- [ RunTime:0.002000s ]
SQL: SHOW COLUMNS FROM `blog_tag` [ RunTime:0.0360s ]
SQL: SELECT `tag_id`,`category_id`,`tagname` FROM `blog_tag` WHERE `category_id` = 2  [ RunTime:0.0010s ]

[ 2016-08-06T10:13:06+08:00 ] 127.0.0.1 /blog/index.php/Admin/Article/ajax?category_id=2
INFO: [ app_begin ] --START--
INFO: Run Behavior\ReadHtmlCacheBehavior [ RunTime:0.002000s ]
INFO: [ app_begin ] --END-- [ RunTime:0.003000s ]
SQL: SHOW COLUMNS FROM `blog_tag` [ RunTime:0.0080s ]
SQL: SELECT `tag_id`,`category_id`,`tagname` FROM `blog_tag` WHERE `category_id` = 2  [ RunTime:0.0010s ]

[ 2016-08-06T10:13:32+08:00 ] 127.0.0.1 /blog/index.php/Admin/Article/ajax?category_id=4
INFO: [ app_begin ] --START--
INFO: Run Behavior\ReadHtmlCacheBehavior [ RunTime:0.001000s ]
INFO: [ app_begin ] --END-- [ RunTime:0.002000s ]
SQL: SHOW COLUMNS FROM `blog_tag` [ RunTime:0.0060s ]
SQL: SELECT `tag_id`,`category_id`,`tagname` FROM `blog_tag` WHERE `category_id` = 4  [ RunTime:0.0010s ]

[ 2016-08-06T10:13:36+08:00 ] 127.0.0.1 /blog/index.php/Admin/Article/ajax?category_id=3
INFO: [ app_begin ] --START--
INFO: Run Behavior\ReadHtmlCacheBehavior [ RunTime:0.001000s ]
INFO: [ app_begin ] --END-- [ RunTime:0.002000s ]
SQL: SHOW COLUMNS FROM `blog_tag` [ RunTime:0.0070s ]
SQL: SELECT `tag_id`,`category_id`,`tagname` FROM `blog_tag` WHERE `category_id` = 3  [ RunTime:0.0010s ]

[ 2016-08-06T10:13:37+08:00 ] 127.0.0.1 /blog/index.php/Admin/Article/ajax?category_id=5
INFO: [ app_begin ] --START--
INFO: Run Behavior\ReadHtmlCacheBehavior [ RunTime:0.001000s ]
INFO: [ app_begin ] --END-- [ RunTime:0.002000s ]
SQL: SHOW COLUMNS FROM `blog_tag` [ RunTime:0.0070s ]
SQL: SELECT `tag_id`,`category_id`,`tagname` FROM `blog_tag` WHERE `category_id` = 5  [ RunTime:0.0010s ]

[ 2016-08-06T10:15:16+08:00 ] 127.0.0.1 /blog/index.php/Admin/Article/ajax?category_id=3
INFO: [ app_begin ] --START--
INFO: Run Behavior\ReadHtmlCacheBehavior [ RunTime:0.001000s ]
INFO: [ app_begin ] --END-- [ RunTime:0.002000s ]
SQL: SHOW COLUMNS FROM `blog_tag` [ RunTime:0.0070s ]
SQL: SELECT `tag_id`,`category_id`,`tagname` FROM `blog_tag` WHERE `category_id` = 3  [ RunTime:0.0000s ]

[ 2016-08-06T10:15:18+08:00 ] 127.0.0.1 /blog/index.php/Admin/Article/ajax?category_id=4
INFO: [ app_begin ] --START--
INFO: Run Behavior\ReadHtmlCacheBehavior [ RunTime:0.001000s ]
INFO: [ app_begin ] --END-- [ RunTime:0.002000s ]
SQL: SHOW COLUMNS FROM `blog_tag` [ RunTime:0.0070s ]
SQL: SELECT `tag_id`,`category_id`,`tagname` FROM `blog_tag` WHERE `category_id` = 4  [ RunTime:0.0010s ]

[ 2016-08-06T10:21:15+08:00 ] 127.0.0.1 /blog/index.php/Admin/Article/ajax?category_id=4
INFO: [ app_begin ] --START--
INFO: Run Behavior\ReadHtmlCacheBehavior [ RunTime:0.001000s ]
INFO: [ app_begin ] --END-- [ RunTime:0.002000s ]
SQL: SHOW COLUMNS FROM `blog_tag` [ RunTime:0.0080s ]
SQL: SELECT `tag_id`,`category_id`,`tagname` FROM `blog_tag` WHERE `category_id` = 4  [ RunTime:0.0010s ]

[ 2016-08-06T10:38:58+08:00 ] 127.0.0.1 /blog/index.php/Admin/Article/ajax?category_id=2
INFO: [ app_begin ] --START--
INFO: Run Behavior\ReadHtmlCacheBehavior [ RunTime:0.001000s ]
INFO: [ app_begin ] --END-- [ RunTime:0.002000s ]
SQL: SHOW COLUMNS FROM `blog_tag` [ RunTime:0.0590s ]
SQL: SELECT `tag_id`,`category_id`,`tagname` FROM `blog_tag` WHERE `category_id` = 2  [ RunTime:0.0010s ]

[ 2016-08-06T10:39:03+08:00 ] 127.0.0.1 /blog/index.php/Admin/Article/ajax?category_id=4
INFO: [ app_begin ] --START--
INFO: Run Behavior\ReadHtmlCacheBehavior [ RunTime:0.001000s ]
INFO: [ app_begin ] --END-- [ RunTime:0.001000s ]
SQL: SHOW COLUMNS FROM `blog_tag` [ RunTime:0.0060s ]
SQL: SELECT `tag_id`,`category_id`,`tagname` FROM `blog_tag` WHERE `category_id` = 4  [ RunTime:0.0000s ]

[ 2016-08-06T10:39:09+08:00 ] 127.0.0.1 /blog/index.php/Admin/Article/ajax?category_id=5
INFO: [ app_begin ] --START--
INFO: Run Behavior\ReadHtmlCacheBehavior [ RunTime:0.002000s ]
INFO: [ app_begin ] --END-- [ RunTime:0.006000s ]
SQL: SHOW COLUMNS FROM `blog_tag` [ RunTime:0.0090s ]
SQL: SELECT `tag_id`,`category_id`,`tagname` FROM `blog_tag` WHERE `category_id` = 5  [ RunTime:0.0010s ]

[ 2016-08-06T10:39:25+08:00 ] 127.0.0.1 /blog/index.php/Admin/Article/ajax?category_id=4
INFO: [ app_begin ] --START--
INFO: Run Behavior\ReadHtmlCacheBehavior [ RunTime:0.001000s ]
INFO: [ app_begin ] --END-- [ RunTime:0.001000s ]
SQL: SHOW COLUMNS FROM `blog_tag` [ RunTime:0.0060s ]
SQL: SELECT `tag_id`,`category_id`,`tagname` FROM `blog_tag` WHERE `category_id` = 4  [ RunTime:0.0010s ]

[ 2016-08-06T10:39:30+08:00 ] 127.0.0.1 /blog/index.php/Admin/Article/ajax?category_id=4
INFO: [ app_begin ] --START--
INFO: Run Behavior\ReadHtmlCacheBehavior [ RunTime:0.001000s ]
INFO: [ app_begin ] --END-- [ RunTime:0.002000s ]
SQL: SHOW COLUMNS FROM `blog_tag` [ RunTime:0.0060s ]
SQL: SELECT `tag_id`,`category_id`,`tagname` FROM `blog_tag` WHERE `category_id` = 4  [ RunTime:0.0010s ]

[ 2016-08-06T10:40:16+08:00 ] 127.0.0.1 /blog/index.php/Admin/Article/ajax?category_id=2
INFO: [ app_begin ] --START--
INFO: Run Behavior\ReadHtmlCacheBehavior [ RunTime:0.002000s ]
INFO: [ app_begin ] --END-- [ RunTime:0.004000s ]
SQL: SHOW COLUMNS FROM `blog_tag` [ RunTime:0.0080s ]
SQL: SELECT `tag_id`,`category_id`,`tagname` FROM `blog_tag` WHERE `category_id` = 2  [ RunTime:0.0000s ]

[ 2016-08-06T10:40:32+08:00 ] 127.0.0.1 /blog/index.php/Admin/Article/ajax?category_id=4
INFO: [ app_begin ] --START--
INFO: Run Behavior\ReadHtmlCacheBehavior [ RunTime:0.001000s ]
INFO: [ app_begin ] --END-- [ RunTime:0.002000s ]
SQL: SHOW COLUMNS FROM `blog_tag` [ RunTime:0.0090s ]
SQL: SELECT `tag_id`,`category_id`,`tagname` FROM `blog_tag` WHERE `category_id` = 4  [ RunTime:0.0010s ]

[ 2016-08-06T10:41:27+08:00 ] 127.0.0.1 /blog/index.php/Admin/Article/ajax?category_id=2
INFO: [ app_begin ] --START--
INFO: Run Behavior\ReadHtmlCacheBehavior [ RunTime:0.001000s ]
INFO: [ app_begin ] --END-- [ RunTime:0.002000s ]
SQL: SHOW COLUMNS FROM `blog_tag` [ RunTime:0.0090s ]
SQL: SELECT `tag_id`,`category_id`,`tagname` FROM `blog_tag` WHERE `category_id` = 2  [ RunTime:0.0000s ]

[ 2016-08-06T10:41:29+08:00 ] 127.0.0.1 /blog/index.php/Admin/Article/ajax?category_id=4
INFO: [ app_begin ] --START--
INFO: Run Behavior\ReadHtmlCacheBehavior [ RunTime:0.001000s ]
INFO: [ app_begin ] --END-- [ RunTime:0.002000s ]
SQL: SHOW COLUMNS FROM `blog_tag` [ RunTime:0.0090s ]
SQL: SELECT `tag_id`,`category_id`,`tagname` FROM `blog_tag` WHERE `category_id` = 4  [ RunTime:0.0000s ]

[ 2016-08-06T10:41:31+08:00 ] 127.0.0.1 /blog/index.php/Admin/Article/ajax?category_id=5
INFO: [ app_begin ] --START--
INFO: Run Behavior\ReadHtmlCacheBehavior [ RunTime:0.002000s ]
INFO: [ app_begin ] --END-- [ RunTime:0.002000s ]
SQL: SHOW COLUMNS FROM `blog_tag` [ RunTime:0.0100s ]
SQL: SELECT `tag_id`,`category_id`,`tagname` FROM `blog_tag` WHERE `category_id` = 5  [ RunTime:0.0070s ]

[ 2016-08-06T10:45:40+08:00 ] 127.0.0.1 /blog/index.php/Admin/Article/ajax?category_id=3
INFO: [ app_begin ] --START--
INFO: Run Behavior\ReadHtmlCacheBehavior [ RunTime:0.001000s ]
INFO: [ app_begin ] --END-- [ RunTime:0.002000s ]
SQL: SHOW COLUMNS FROM `blog_tag` [ RunTime:0.0050s ]
SQL: SELECT `tag_id`,`category_id`,`tagname` FROM `blog_tag` WHERE `category_id` = 3  [ RunTime:0.0000s ]

[ 2016-08-06T10:45:42+08:00 ] 127.0.0.1 /blog/index.php/Admin/Article/ajax?category_id=4
INFO: [ app_begin ] --START--
INFO: Run Behavior\ReadHtmlCacheBehavior [ RunTime:0.002000s ]
INFO: [ app_begin ] --END-- [ RunTime:0.003000s ]
SQL: SHOW COLUMNS FROM `blog_tag` [ RunTime:0.0060s ]
SQL: SELECT `tag_id`,`category_id`,`tagname` FROM `blog_tag` WHERE `category_id` = 4  [ RunTime:0.0010s ]

[ 2016-08-06T10:46:32+08:00 ] 127.0.0.1 /blog/index.php/Admin/Article/ajax?category_id=4
INFO: [ app_begin ] --START--
INFO: Run Behavior\ReadHtmlCacheBehavior [ RunTime:0.001000s ]
INFO: [ app_begin ] --END-- [ RunTime:0.002000s ]
SQL: SHOW COLUMNS FROM `blog_tag` [ RunTime:0.0080s ]
SQL: SELECT `tag_id`,`category_id`,`tagname` FROM `blog_tag` WHERE `category_id` = 4  [ RunTime:0.0000s ]

[ 2016-08-06T10:58:00+08:00 ] 127.0.0.1 /blog/index.php/Admin/Article/ajax?category_id=2
INFO: [ app_begin ] --START--
INFO: Run Behavior\ReadHtmlCacheBehavior [ RunTime:0.001000s ]
INFO: [ app_begin ] --END-- [ RunTime:0.002001s ]
SQL: SHOW COLUMNS FROM `blog_tag` [ RunTime:0.3080s ]
SQL: SELECT `tag_id`,`category_id`,`tagname` FROM `blog_tag` WHERE `category_id` = 2  [ RunTime:0.0010s ]

[ 2016-08-06T10:58:12+08:00 ] 127.0.0.1 /blog/index.php/Admin/Article/ajax?category_id=4
INFO: [ app_begin ] --START--
INFO: Run Behavior\ReadHtmlCacheBehavior [ RunTime:0.001000s ]
INFO: [ app_begin ] --END-- [ RunTime:0.001000s ]
SQL: SHOW COLUMNS FROM `blog_tag` [ RunTime:0.0060s ]
SQL: SELECT `tag_id`,`category_id`,`tagname` FROM `blog_tag` WHERE `category_id` = 4  [ RunTime:0.0010s ]

[ 2016-08-06T10:58:40+08:00 ] 127.0.0.1 /blog/index.php/Admin/Article/ajax?category_id=3
INFO: [ app_begin ] --START--
INFO: Run Behavior\ReadHtmlCacheBehavior [ RunTime:0.001000s ]
INFO: [ app_begin ] --END-- [ RunTime:0.002000s ]
SQL: SHOW COLUMNS FROM `blog_tag` [ RunTime:0.0070s ]
SQL: SELECT `tag_id`,`category_id`,`tagname` FROM `blog_tag` WHERE `category_id` = 3  [ RunTime:0.0000s ]

[ 2016-08-06T10:58:42+08:00 ] 127.0.0.1 /blog/index.php/Admin/Article/ajax?category_id=5
INFO: [ app_begin ] --START--
INFO: Run Behavior\ReadHtmlCacheBehavior [ RunTime:0.001000s ]
INFO: [ app_begin ] --END-- [ RunTime:0.002000s ]
SQL: SHOW COLUMNS FROM `blog_tag` [ RunTime:0.0070s ]
SQL: SELECT `tag_id`,`category_id`,`tagname` FROM `blog_tag` WHERE `category_id` = 5  [ RunTime:0.0000s ]

[ 2016-08-06T10:58:56+08:00 ] 127.0.0.1 /blog/index.php/Admin/Article/ajax?category_id=3
INFO: [ app_begin ] --START--
INFO: Run Behavior\ReadHtmlCacheBehavior [ RunTime:0.001000s ]
INFO: [ app_begin ] --END-- [ RunTime:0.002000s ]
SQL: SHOW COLUMNS FROM `blog_tag` [ RunTime:0.0070s ]
SQL: SELECT `tag_id`,`category_id`,`tagname` FROM `blog_tag` WHERE `category_id` = 3  [ RunTime:0.0000s ]

[ 2016-08-06T10:58:58+08:00 ] 127.0.0.1 /blog/index.php/Admin/Article/ajax?category_id=4
INFO: [ app_begin ] --START--
INFO: Run Behavior\ReadHtmlCacheBehavior [ RunTime:0.001000s ]
INFO: [ app_begin ] --END-- [ RunTime:0.002000s ]
SQL: SHOW COLUMNS FROM `blog_tag` [ RunTime:0.0060s ]
SQL: SELECT `tag_id`,`category_id`,`tagname` FROM `blog_tag` WHERE `category_id` = 4  [ RunTime:0.0010s ]

[ 2016-08-06T10:59:02+08:00 ] 127.0.0.1 /blog/index.php/Admin/Article/ajax?category_id=5
INFO: [ app_begin ] --START--
INFO: Run Behavior\ReadHtmlCacheBehavior [ RunTime:0.002001s ]
INFO: [ app_begin ] --END-- [ RunTime:0.003001s ]
SQL: SHOW COLUMNS FROM `blog_tag` [ RunTime:0.0090s ]
SQL: SELECT `tag_id`,`category_id`,`tagname` FROM `blog_tag` WHERE `category_id` = 5  [ RunTime:0.0010s ]

[ 2016-08-06T12:20:32+08:00 ] 127.0.0.1 /blog/index.php/Admin/Article/ajax?category_id=2
INFO: [ app_begin ] --START--
INFO: Run Behavior\ReadHtmlCacheBehavior [ RunTime:0.000000s ]
INFO: [ app_begin ] --END-- [ RunTime:0.000000s ]
SQL: SHOW COLUMNS FROM `blog_tag` [ RunTime:0.0000s ]
SQL: SELECT `tag_id`,`category_id`,`tagname` FROM `blog_tag` WHERE `category_id` = 2  [ RunTime:0.0000s ]

[ 2016-08-06T12:21:46+08:00 ] 127.0.0.1 /blog/index.php/Admin/Article/ajax?category_id=2
INFO: [ app_begin ] --START--
INFO: Run Behavior\ReadHtmlCacheBehavior [ RunTime:0.000000s ]
INFO: [ app_begin ] --END-- [ RunTime:0.000000s ]
SQL: SHOW COLUMNS FROM `blog_tag` [ RunTime:0.0000s ]
SQL: SELECT `tag_id`,`category_id`,`tagname` FROM `blog_tag` WHERE `category_id` = 2  [ RunTime:0.0000s ]

[ 2016-08-06T12:25:44+08:00 ] 127.0.0.1 /blog/index.php/Admin/Article/ajax?category_id=4
INFO: [ app_begin ] --START--
INFO: Run Behavior\ReadHtmlCacheBehavior [ RunTime:0.000000s ]
INFO: [ app_begin ] --END-- [ RunTime:0.000000s ]
SQL: SHOW COLUMNS FROM `blog_tag` [ RunTime:0.0000s ]
SQL: SELECT `tag_id`,`category_id`,`tagname` FROM `blog_tag` WHERE `category_id` = 4  [ RunTime:0.0000s ]

[ 2016-08-06T12:27:30+08:00 ] 127.0.0.1 /blog/index.php/Admin/Article/ajax?category_id=4
INFO: [ app_begin ] --START--
INFO: Run Behavior\ReadHtmlCacheBehavior [ RunTime:0.000000s ]
INFO: [ app_begin ] --END-- [ RunTime:0.000000s ]
SQL: SHOW COLUMNS FROM `blog_tag` [ RunTime:0.0156s ]
SQL: SELECT `tag_id`,`category_id`,`tagname` FROM `blog_tag` WHERE `category_id` = 4  [ RunTime:0.0000s ]

[ 2016-08-06T12:29:45+08:00 ] 127.0.0.1 /blog/index.php/Admin/Article/ajax?category_id=4
INFO: [ app_begin ] --START--
INFO: Run Behavior\ReadHtmlCacheBehavior [ RunTime:0.000000s ]
INFO: [ app_begin ] --END-- [ RunTime:0.015600s ]
SQL: SHOW COLUMNS FROM `blog_tag` [ RunTime:0.0000s ]
SQL: SELECT `tag_id`,`category_id`,`tagname` FROM `blog_tag` WHERE `category_id` = 4  [ RunTime:0.0000s ]

[ 2016-08-06T12:33:20+08:00 ] 127.0.0.1 /blog/index.php/Admin/Article/ajax?category_id=4
INFO: [ app_begin ] --START--
INFO: Run Behavior\ReadHtmlCacheBehavior [ RunTime:0.000000s ]
INFO: [ app_begin ] --END-- [ RunTime:0.000000s ]
SQL: SHOW COLUMNS FROM `blog_tag` [ RunTime:0.0000s ]
SQL: SELECT `tag_id`,`category_id`,`tagname` FROM `blog_tag` WHERE `category_id` = 4  [ RunTime:0.0000s ]

[ 2016-08-06T12:35:33+08:00 ] 127.0.0.1 /blog/index.php/Admin/Article/ajax?category_id=4
INFO: [ app_begin ] --START--
INFO: Run Behavior\ReadHtmlCacheBehavior [ RunTime:0.000000s ]
INFO: [ app_begin ] --END-- [ RunTime:0.000000s ]
SQL: SHOW COLUMNS FROM `blog_tag` [ RunTime:0.0000s ]
SQL: SELECT `tag_id`,`category_id`,`tagname` FROM `blog_tag` WHERE `category_id` = 4  [ RunTime:0.0000s ]

[ 2016-08-06T12:36:59+08:00 ] 127.0.0.1 /blog/index.php/Admin/Article/ajax?category_id=4
INFO: [ app_begin ] --START--
INFO: Run Behavior\ReadHtmlCacheBehavior [ RunTime:0.000000s ]
INFO: [ app_begin ] --END-- [ RunTime:0.000000s ]
SQL: SHOW COLUMNS FROM `blog_tag` [ RunTime:0.0000s ]
SQL: SELECT `tag_id`,`category_id`,`tagname` FROM `blog_tag` WHERE `category_id` = 4  [ RunTime:0.0000s ]

[ 2016-08-06T12:48:17+08:00 ] 127.0.0.1 /blog/index.php/Admin/Article/articlelist.html
ERR: Syntax Error in template "D:/php/WWW/chuanzhi/tpblog/blog/Admin/View\Article\articlelist.html"  on line 70 "&lt;td&gt;{$info.pubtime|date-format:'%Y-%m-%d %T'}&lt;/td&gt;"  - Unexpected ":", expected one of: "}" , " "

[ 2016-08-06T12:58:37+08:00 ] 127.0.0.1 /blog/index.php/Admin/Article/article-zhang.html
ERR: 非法操作:article-zhang

[ 2016-08-06T13:36:48+08:00 ] 127.0.0.1 /blog/index.php/Admin/Article/ajax?category_id=2
INFO: [ app_begin ] --START--
INFO: Run Behavior\ReadHtmlCacheBehavior [ RunTime:0.000000s ]
INFO: [ app_begin ] --END-- [ RunTime:0.000000s ]
SQL: SHOW COLUMNS FROM `blog_tag` [ RunTime:0.0156s ]
SQL: SELECT `tag_id`,`category_id`,`tagname` FROM `blog_tag` WHERE `category_id` = 2  [ RunTime:0.0000s ]

[ 2016-08-06T13:38:44+08:00 ] 127.0.0.1 /blog/index.php/Admin/Article/ajax?category_id=2
INFO: [ app_begin ] --START--
INFO: Run Behavior\ReadHtmlCacheBehavior [ RunTime:0.015600s ]
INFO: [ app_begin ] --END-- [ RunTime:0.015600s ]
SQL: SHOW COLUMNS FROM `blog_tag` [ RunTime:0.0780s ]
SQL: SELECT `tag_id`,`category_id`,`tagname` FROM `blog_tag` WHERE `category_id` = 2  [ RunTime:0.0000s ]

[ 2016-08-06T14:13:09+08:00 ] 127.0.0.1 /blog/index.php/Admin/Article/ajax/category_id/
ERR: 参数错误或者未定义:category_id

[ 2016-08-06T14:14:31+08:00 ] 127.0.0.1 /blog/index.php/Admin/Article/article-add.html
ERR: 非法操作:article-add

[ 2016-08-06T14:23:18+08:00 ] 127.0.0.1 /blog/index.php/Admin/Article/articleedit
ERR: 参数错误或者未定义:article_id

[ 2016-08-06T14:47:05+08:00 ] 127.0.0.1 /blog/index.php/Admin/Article/ajax?category_id=4
INFO: [ app_begin ] --START--
INFO: Run Behavior\ReadHtmlCacheBehavior [ RunTime:0.001001s ]
INFO: [ app_begin ] --END-- [ RunTime:0.001001s ]
SQL: SHOW COLUMNS FROM `blog_tag` [ RunTime:0.0070s ]
SQL: SELECT `tag_id`,`category_id`,`tagname` FROM `blog_tag` WHERE `category_id` = 4  [ RunTime:0.0010s ]

[ 2016-08-06T14:47:07+08:00 ] 127.0.0.1 /blog/index.php/Admin/Article/ajax?category_id=2
INFO: [ app_begin ] --START--
INFO: Run Behavior\ReadHtmlCacheBehavior [ RunTime:0.001000s ]
INFO: [ app_begin ] --END-- [ RunTime:0.002000s ]
SQL: SHOW COLUMNS FROM `blog_tag` [ RunTime:0.0070s ]
SQL: SELECT `tag_id`,`category_id`,`tagname` FROM `blog_tag` WHERE `category_id` = 2  [ RunTime:0.0010s ]

[ 2016-08-06T14:48:25+08:00 ] 127.0.0.1 /blog/index.php/Admin/Article/ajax?category_id=3
INFO: [ app_begin ] --START--
INFO: Run Behavior\ReadHtmlCacheBehavior [ RunTime:0.002000s ]
INFO: [ app_begin ] --END-- [ RunTime:0.003001s ]
SQL: SHOW COLUMNS FROM `blog_tag` [ RunTime:0.0060s ]
SQL: SELECT `tag_id`,`category_id`,`tagname` FROM `blog_tag` WHERE `category_id` = 3  [ RunTime:0.0000s ]

[ 2016-08-06T14:48:27+08:00 ] 127.0.0.1 /blog/index.php/Admin/Article/ajax?category_id=4
INFO: [ app_begin ] --START--
INFO: Run Behavior\ReadHtmlCacheBehavior [ RunTime:0.002000s ]
INFO: [ app_begin ] --END-- [ RunTime:0.004000s ]
SQL: SHOW COLUMNS FROM `blog_tag` [ RunTime:0.0060s ]
SQL: SELECT `tag_id`,`category_id`,`tagname` FROM `blog_tag` WHERE `category_id` = 4  [ RunTime:0.0000s ]

[ 2016-08-06T14:48:31+08:00 ] 127.0.0.1 /blog/index.php/Admin/Article/ajax?category_id=5
INFO: [ app_begin ] --START--
INFO: Run Behavior\ReadHtmlCacheBehavior [ RunTime:0.002000s ]
INFO: [ app_begin ] --END-- [ RunTime:0.003000s ]
SQL: SHOW COLUMNS FROM `blog_tag` [ RunTime:0.0070s ]
SQL: SELECT `tag_id`,`category_id`,`tagname` FROM `blog_tag` WHERE `category_id` = 5  [ RunTime:0.0010s ]

[ 2016-08-06T14:48:33+08:00 ] 127.0.0.1 /blog/index.php/Admin/Article/ajax?category_id=2
INFO: [ app_begin ] --START--
INFO: Run Behavior\ReadHtmlCacheBehavior [ RunTime:0.002000s ]
INFO: [ app_begin ] --END-- [ RunTime:0.003000s ]
SQL: SHOW COLUMNS FROM `blog_tag` [ RunTime:0.0070s ]
SQL: SELECT `tag_id`,`category_id`,`tagname` FROM `blog_tag` WHERE `category_id` = 2  [ RunTime:0.0010s ]

[ 2016-08-06T14:54:38+08:00 ] 127.0.0.1 /blog/index.php/Admin/Article/ajax?category_id=5
INFO: [ app_begin ] --START--
INFO: Run Behavior\ReadHtmlCacheBehavior [ RunTime:0.001000s ]
INFO: [ app_begin ] --END-- [ RunTime:0.002000s ]
SQL: SHOW COLUMNS FROM `blog_tag` [ RunTime:0.0070s ]
SQL: SELECT `tag_id`,`category_id`,`tagname` FROM `blog_tag` WHERE `category_id` = 5  [ RunTime:0.0010s ]

[ 2016-08-06T14:55:37+08:00 ] 127.0.0.1 /blog/index.php/Admin/Article/ajax?category_id=4
INFO: [ app_begin ] --START--
INFO: Run Behavior\ReadHtmlCacheBehavior [ RunTime:0.002000s ]
INFO: [ app_begin ] --END-- [ RunTime:0.002000s ]
SQL: SHOW COLUMNS FROM `blog_tag` [ RunTime:0.0090s ]
SQL: SELECT `tag_id`,`category_id`,`tagname` FROM `blog_tag` WHERE `category_id` = 4  [ RunTime:0.0010s ]

[ 2016-08-06T14:58:20+08:00 ] 127.0.0.1 /blog/index.php/Admin/Article/ajax?category_id=3
INFO: [ app_begin ] --START--
INFO: Run Behavior\ReadHtmlCacheBehavior [ RunTime:0.001000s ]
INFO: [ app_begin ] --END-- [ RunTime:0.001000s ]
SQL: SHOW COLUMNS FROM `blog_tag` [ RunTime:0.0060s ]
SQL: SELECT `tag_id`,`category_id`,`tagname` FROM `blog_tag` WHERE `category_id` = 3  [ RunTime:0.0010s ]

[ 2016-08-06T14:58:22+08:00 ] 127.0.0.1 /blog/index.php/Admin/Article/ajax?category_id=2
INFO: [ app_begin ] --START--
INFO: Run Behavior\ReadHtmlCacheBehavior [ RunTime:0.001001s ]
INFO: [ app_begin ] --END-- [ RunTime:0.002001s ]
SQL: SHOW COLUMNS FROM `blog_tag` [ RunTime:0.0060s ]
SQL: SELECT `tag_id`,`category_id`,`tagname` FROM `blog_tag` WHERE `category_id` = 2  [ RunTime:0.0010s ]

[ 2016-08-06T14:58:25+08:00 ] 127.0.0.1 /blog/index.php/Admin/Article/ajax?category_id=4
INFO: [ app_begin ] --START--
INFO: Run Behavior\ReadHtmlCacheBehavior [ RunTime:0.001000s ]
INFO: [ app_begin ] --END-- [ RunTime:0.002000s ]
SQL: SHOW COLUMNS FROM `blog_tag` [ RunTime:0.0070s ]
SQL: SELECT `tag_id`,`category_id`,`tagname` FROM `blog_tag` WHERE `category_id` = 4  [ RunTime:0.0010s ]

